2023-04-04 23:40:34,839 INFO (StartupInfoLogger.java:55)- Starting AbeTrustPlatformApplication on tjydeMacBook-Pro.local with PID 51951 (started by tjy in /Users/tjy/区块链/珠海研究院/zhuhai/backend)
2023-04-04 23:40:34,845 INFO (SpringApplication.java:651)- No active profile set, falling back to default profiles: default
2023-04-04 23:40:36,163 INFO (TomcatWebServer.java:92)- Tomcat initialized with port(s): 8080 (http)
2023-04-04 23:40:36,169 INFO (DirectJDKLog.java:173)- Initializing ProtocolHandler ["http-nio-8080"]
2023-04-04 23:40:36,170 INFO (DirectJDKLog.java:173)- Starting service [Tomcat]
2023-04-04 23:40:36,170 INFO (DirectJDKLog.java:173)- Starting Servlet engine: [Apache Tomcat/9.0.30]
2023-04-04 23:40:36,249 INFO (DirectJDKLog.java:173)- Initializing Spring embedded WebApplicationContext
2023-04-04 23:40:36,249 INFO (ServletWebServerApplicationContext.java:284)- Root WebApplicationContext: initialization completed in 1358 ms
2023-04-04 23:40:36,353 WARN (Config.java:128)- Failed to load any configuration from: config.properties. Using toolkit defaults
2023-04-04 23:40:37,450 INFO (Channel.java:1310)- Channel Channel{id: 1, name: myc} eventThread started shutdown: false  thread: null 
2023-04-04 23:40:38,117 WARN (JacksonAutoConfiguration.java:123)- Auto-configuration of Jackson's Joda-Time integration is deprecated in favor of using java.time (JSR-310).
2023-04-04 23:40:38,242 INFO (ExecutorConfigurationSupport.java:171)- Initializing ExecutorService 'applicationTaskExecutor'
2023-04-04 23:40:38,374 INFO (WelcomePageHandlerMapping.java:54)- Adding welcome page: class path resource [static/index.html]
2023-04-04 23:40:38,520 INFO (DirectJDKLog.java:173)- Starting ProtocolHandler ["http-nio-8080"]
2023-04-04 23:40:38,537 INFO (TomcatWebServer.java:204)- Tomcat started on port(s): 8080 (http) with context path '/abe'
2023-04-04 23:40:38,540 INFO (StartupInfoLogger.java:61)- Started AbeTrustPlatformApplication in 4.245 seconds (JVM running for 5.239)
2023-04-04 23:40:43,665 INFO (ExecutorConfigurationSupport.java:208)- Shutting down ExecutorService 'applicationTaskExecutor'
2023-04-04 23:40:49,932 INFO (StartupInfoLogger.java:55)- Starting AbeTrustPlatformApplication on tjydeMacBook-Pro.local with PID 51974 (started by tjy in /Users/tjy/区块链/珠海研究院/zhuhai/backend)
2023-04-04 23:40:49,935 INFO (SpringApplication.java:651)- No active profile set, falling back to default profiles: default
2023-04-04 23:40:51,277 INFO (TomcatWebServer.java:92)- Tomcat initialized with port(s): 8080 (http)
2023-04-04 23:40:51,287 INFO (DirectJDKLog.java:173)- Initializing ProtocolHandler ["http-nio-8080"]
2023-04-04 23:40:51,288 INFO (DirectJDKLog.java:173)- Starting service [Tomcat]
2023-04-04 23:40:51,288 INFO (DirectJDKLog.java:173)- Starting Servlet engine: [Apache Tomcat/9.0.30]
2023-04-04 23:40:51,405 INFO (DirectJDKLog.java:173)- Initializing Spring embedded WebApplicationContext
2023-04-04 23:40:51,406 INFO (ServletWebServerApplicationContext.java:284)- Root WebApplicationContext: initialization completed in 1425 ms
2023-04-04 23:40:51,516 WARN (Config.java:128)- Failed to load any configuration from: config.properties. Using toolkit defaults
2023-04-04 23:40:52,611 INFO (Channel.java:1310)- Channel Channel{id: 1, name: myc} eventThread started shutdown: false  thread: null 
2023-04-04 23:40:53,276 WARN (JacksonAutoConfiguration.java:123)- Auto-configuration of Jackson's Joda-Time integration is deprecated in favor of using java.time (JSR-310).
2023-04-04 23:40:53,353 INFO (ExecutorConfigurationSupport.java:171)- Initializing ExecutorService 'applicationTaskExecutor'
2023-04-04 23:40:53,467 INFO (WelcomePageHandlerMapping.java:54)- Adding welcome page: class path resource [static/index.html]
2023-04-04 23:40:53,606 INFO (DirectJDKLog.java:173)- Starting ProtocolHandler ["http-nio-8080"]
2023-04-04 23:40:53,620 INFO (TomcatWebServer.java:204)- Tomcat started on port(s): 8080 (http) with context path '/abe'
2023-04-04 23:40:53,624 INFO (StartupInfoLogger.java:61)- Started AbeTrustPlatformApplication in 4.376 seconds (JVM running for 5.515)
2023-04-04 23:41:35,768 INFO (DirectJDKLog.java:173)- Initializing Spring DispatcherServlet 'dispatcherServlet'
2023-04-04 23:41:35,774 INFO (FrameworkServlet.java:525)- Initializing Servlet 'dispatcherServlet'
2023-04-04 23:41:35,864 INFO (FrameworkServlet.java:547)- Completed initialization in 90 ms
2023-04-04 23:41:35,978 INFO (ControllerOperatorAspect.java:34)- Entering controller=ControllerLog(classMethod=com.weiyan.atp.app.controller.ControllerExceptionHandler.exceptionHandler, ip=127.0.0.1, args=[org.springframework.web.HttpMediaTypeNotSupportedException: Content type 'multipart/form-data;boundary=----WebKitFormBoundaryrbrempbGFfSlY9SO;charset=UTF-8' not supported], url=http://127.0.0.1:8080/abe/zk/create, result=null, startTime=1680622895978, endTime=0, spendTime=0, httpMethod=POST, user=null) 
2023-04-04 23:41:35,999 ERROR (ControllerExceptionHandler.java:29)- org.springframework.web.HttpMediaTypeNotSupportedException: Content type 'multipart/form-data;boundary=----WebKitFormBoundaryrbrempbGFfSlY9SO;charset=UTF-8' not supported
org.springframework.web.HttpMediaTypeNotSupportedException: Content type 'multipart/form-data;boundary=----WebKitFormBoundaryrbrempbGFfSlY9SO;charset=UTF-8' not supported
	at org.springframework.web.servlet.mvc.method.annotation.AbstractMessageConverterMethodArgumentResolver.readWithMessageConverters(AbstractMessageConverterMethodArgumentResolver.java:225)
	at org.springframework.web.servlet.mvc.method.annotation.RequestResponseBodyMethodProcessor.readWithMessageConverters(RequestResponseBodyMethodProcessor.java:158)
	at org.springframework.web.servlet.mvc.method.annotation.RequestResponseBodyMethodProcessor.resolveArgument(RequestResponseBodyMethodProcessor.java:131)
	at org.springframework.web.method.support.HandlerMethodArgumentResolverComposite.resolveArgument(HandlerMethodArgumentResolverComposite.java:121)
	at org.springframework.web.method.support.InvocableHandlerMethod.getMethodArgumentValues(InvocableHandlerMethod.java:167)
	at org.springframework.web.method.support.InvocableHandlerMethod.invokeForRequest(InvocableHandlerMethod.java:134)
	at org.springframework.web.servlet.mvc.method.annotation.ServletInvocableHandlerMethod.invokeAndHandle(ServletInvocableHandlerMethod.java:106)
	at org.springframework.web.servlet.mvc.method.annotation.RequestMappingHandlerAdapter.invokeHandlerMethod(RequestMappingHandlerAdapter.java:888)
	at org.springframework.web.servlet.mvc.method.annotation.RequestMappingHandlerAdapter.handleInternal(RequestMappingHandlerAdapter.java:793)
	at org.springframework.web.servlet.mvc.method.AbstractHandlerMethodAdapter.handle(AbstractHandlerMethodAdapter.java:87)
	at org.springframework.web.servlet.DispatcherServlet.doDispatch(DispatcherServlet.java:1040)
	at org.springframework.web.servlet.DispatcherServlet.doService(DispatcherServlet.java:943)
	at org.springframework.web.servlet.FrameworkServlet.processRequest(FrameworkServlet.java:1006)
	at org.springframework.web.servlet.FrameworkServlet.doPost(FrameworkServlet.java:909)
	at javax.servlet.http.HttpServlet.service(HttpServlet.java:660)
	at org.springframework.web.servlet.FrameworkServlet.service(FrameworkServlet.java:883)
	at javax.servlet.http.HttpServlet.service(HttpServlet.java:741)
	at org.apache.catalina.core.ApplicationFilterChain.internalDoFilter(ApplicationFilterChain.java:231)
	at org.apache.catalina.core.ApplicationFilterChain.doFilter(ApplicationFilterChain.java:166)
	at org.apache.tomcat.websocket.server.WsFilter.doFilter(WsFilter.java:53)
	at org.apache.catalina.core.ApplicationFilterChain.internalDoFilter(ApplicationFilterChain.java:193)
	at org.apache.catalina.core.ApplicationFilterChain.doFilter(ApplicationFilterChain.java:166)
	at org.springframework.web.filter.RequestContextFilter.doFilterInternal(RequestContextFilter.java:100)
	at org.springframework.web.filter.OncePerRequestFilter.doFilter(OncePerRequestFilter.java:119)
	at org.apache.catalina.core.ApplicationFilterChain.internalDoFilter(ApplicationFilterChain.java:193)
	at org.apache.catalina.core.ApplicationFilterChain.doFilter(ApplicationFilterChain.java:166)
	at org.springframework.web.filter.FormContentFilter.doFilterInternal(FormContentFilter.java:93)
	at org.springframework.web.filter.OncePerRequestFilter.doFilter(OncePerRequestFilter.java:119)
	at org.apache.catalina.core.ApplicationFilterChain.internalDoFilter(ApplicationFilterChain.java:193)
	at org.apache.catalina.core.ApplicationFilterChain.doFilter(ApplicationFilterChain.java:166)
	at org.springframework.web.filter.CharacterEncodingFilter.doFilterInternal(CharacterEncodingFilter.java:201)
	at org.springframework.web.filter.OncePerRequestFilter.doFilter(OncePerRequestFilter.java:119)
	at org.apache.catalina.core.ApplicationFilterChain.internalDoFilter(ApplicationFilterChain.java:193)
	at org.apache.catalina.core.ApplicationFilterChain.doFilter(ApplicationFilterChain.java:166)
	at org.apache.catalina.core.StandardWrapperValve.invoke(StandardWrapperValve.java:202)
	at org.apache.catalina.core.StandardContextValve.invoke(StandardContextValve.java:96)
	at org.apache.catalina.authenticator.AuthenticatorBase.invoke(AuthenticatorBase.java:541)
	at org.apache.catalina.core.StandardHostValve.invoke(StandardHostValve.java:139)
	at org.apache.catalina.valves.ErrorReportValve.invoke(ErrorReportValve.java:92)
	at org.apache.catalina.core.StandardEngineValve.invoke(StandardEngineValve.java:74)
	at org.apache.catalina.connector.CoyoteAdapter.service(CoyoteAdapter.java:343)
	at org.apache.coyote.http11.Http11Processor.service(Http11Processor.java:367)
	at org.apache.coyote.AbstractProcessorLight.process(AbstractProcessorLight.java:65)
	at org.apache.coyote.AbstractProtocol$ConnectionHandler.process(AbstractProtocol.java:860)
	at org.apache.tomcat.util.net.NioEndpoint$SocketProcessor.doRun(NioEndpoint.java:1598)
	at org.apache.tomcat.util.net.SocketProcessorBase.run(SocketProcessorBase.java:49)
	at java.util.concurrent.ThreadPoolExecutor.runWorker(ThreadPoolExecutor.java:1149)
	at java.util.concurrent.ThreadPoolExecutor$Worker.run(ThreadPoolExecutor.java:624)
	at org.apache.tomcat.util.threads.TaskThread$WrappingRunnable.run(TaskThread.java:61)
	at java.lang.Thread.run(Thread.java:750)
2023-04-04 23:41:36,002 INFO (ControllerOperatorAspect.java:45)- Returning from controller=ControllerLog(classMethod=com.weiyan.atp.app.controller.ControllerExceptionHandler.exceptionHandler, ip=127.0.0.1, args=[org.springframework.web.HttpMediaTypeNotSupportedException: Content type 'multipart/form-data;boundary=----WebKitFormBoundaryrbrempbGFfSlY9SO;charset=UTF-8' not supported], url=http://127.0.0.1:8080/abe/zk/create, result=Result(code=500, message=Unknown Error Occurred!, data=null), startTime=1680622895978, endTime=1680622896002, spendTime=24, httpMethod=POST, user=null) 
2023-04-04 23:50:25,642 INFO (ExecutorConfigurationSupport.java:208)- Shutting down ExecutorService 'applicationTaskExecutor'
2023-04-04 23:51:04,703 INFO (StartupInfoLogger.java:55)- Starting AbeTrustPlatformApplication on tjydeMacBook-Pro.local with PID 52621 (started by tjy in /Users/tjy/区块链/珠海研究院/zhuhai/backend)
2023-04-04 23:51:04,711 INFO (SpringApplication.java:651)- No active profile set, falling back to default profiles: default
2023-04-04 23:51:06,154 INFO (TomcatWebServer.java:92)- Tomcat initialized with port(s): 8080 (http)
2023-04-04 23:51:06,160 INFO (DirectJDKLog.java:173)- Initializing ProtocolHandler ["http-nio-8080"]
2023-04-04 23:51:06,161 INFO (DirectJDKLog.java:173)- Starting service [Tomcat]
2023-04-04 23:51:06,161 INFO (DirectJDKLog.java:173)- Starting Servlet engine: [Apache Tomcat/9.0.30]
2023-04-04 23:51:06,241 INFO (DirectJDKLog.java:173)- Initializing Spring embedded WebApplicationContext
2023-04-04 23:51:06,242 INFO (ServletWebServerApplicationContext.java:284)- Root WebApplicationContext: initialization completed in 1449 ms
2023-04-04 23:51:06,346 WARN (Config.java:128)- Failed to load any configuration from: config.properties. Using toolkit defaults
2023-04-04 23:51:07,409 INFO (Channel.java:1310)- Channel Channel{id: 1, name: myc} eventThread started shutdown: false  thread: null 
2023-04-04 23:51:08,059 WARN (JacksonAutoConfiguration.java:123)- Auto-configuration of Jackson's Joda-Time integration is deprecated in favor of using java.time (JSR-310).
2023-04-04 23:51:08,168 INFO (ExecutorConfigurationSupport.java:171)- Initializing ExecutorService 'applicationTaskExecutor'
2023-04-04 23:51:08,273 INFO (WelcomePageHandlerMapping.java:54)- Adding welcome page: class path resource [static/index.html]
2023-04-04 23:51:08,422 INFO (DirectJDKLog.java:173)- Starting ProtocolHandler ["http-nio-8080"]
2023-04-04 23:51:08,436 INFO (TomcatWebServer.java:204)- Tomcat started on port(s): 8080 (http) with context path '/abe'
2023-04-04 23:51:08,440 INFO (StartupInfoLogger.java:61)- Started AbeTrustPlatformApplication in 4.345 seconds (JVM running for 4.931)
2023-04-04 23:51:13,944 INFO (DirectJDKLog.java:173)- Initializing Spring DispatcherServlet 'dispatcherServlet'
2023-04-04 23:51:13,946 INFO (FrameworkServlet.java:525)- Initializing Servlet 'dispatcherServlet'
2023-04-04 23:51:13,967 INFO (FrameworkServlet.java:547)- Completed initialization in 21 ms
2023-04-04 23:51:14,120 INFO (ControllerOperatorAspect.java:34)- Entering controller=ControllerLog(classMethod=com.weiyan.atp.app.controller.ControllerExceptionHandler.exceptionHandler, ip=127.0.0.1, args=[org.springframework.validation.BindException: org.springframework.validation.BeanPropertyBindingResult: 3 errors
Field error in object 'createBulletProofRequest' on field 'userType': rejected value [null]; codes [NotEmpty.createBulletProofRequest.userType,NotEmpty.userType,NotEmpty.java.lang.String,NotEmpty]; arguments [org.springframework.context.support.DefaultMessageSourceResolvable: codes [createBulletProofRequest.userType,userType]; arguments []; default message [userType]]; default message [不能为空]
Field error in object 'createBulletProofRequest' on field 'channel': rejected value [null]; codes [NotEmpty.createBulletProofRequest.channel,NotEmpty.channel,NotEmpty.java.lang.String,NotEmpty]; arguments [org.springframework.context.support.DefaultMessageSourceResolvable: codes [createBulletProofRequest.channel,channel]; arguments []; default message [channel]]; default message [不能为空]
Field error in object 'createBulletProofRequest' on field 'range': rejected value [null]; codes [NotEmpty.createBulletProofRequest.range,NotEmpty.range,NotEmpty.java.lang.String,NotEmpty]; arguments [org.springframework.context.support.DefaultMessageSourceResolvable: codes [createBulletProofRequest.range,range]; arguments []; default message [range]]; default message [不能为空]], url=http://127.0.0.1:8080/abe/zk/create, result=null, startTime=1680623474120, endTime=0, spendTime=0, httpMethod=POST, user=null) 
2023-04-04 23:51:14,136 ERROR (ControllerExceptionHandler.java:29)- org.springframework.validation.BindException: org.springframework.validation.BeanPropertyBindingResult: 3 errors
Field error in object 'createBulletProofRequest' on field 'userType': rejected value [null]; codes [NotEmpty.createBulletProofRequest.userType,NotEmpty.userType,NotEmpty.java.lang.String,NotEmpty]; arguments [org.springframework.context.support.DefaultMessageSourceResolvable: codes [createBulletProofRequest.userType,userType]; arguments []; default message [userType]]; default message [不能为空]
Field error in object 'createBulletProofRequest' on field 'channel': rejected value [null]; codes [NotEmpty.createBulletProofRequest.channel,NotEmpty.channel,NotEmpty.java.lang.String,NotEmpty]; arguments [org.springframework.context.support.DefaultMessageSourceResolvable: codes [createBulletProofRequest.channel,channel]; arguments []; default message [channel]]; default message [不能为空]
Field error in object 'createBulletProofRequest' on field 'range': rejected value [null]; codes [NotEmpty.createBulletProofRequest.range,NotEmpty.range,NotEmpty.java.lang.String,NotEmpty]; arguments [org.springframework.context.support.DefaultMessageSourceResolvable: codes [createBulletProofRequest.range,range]; arguments []; default message [range]]; default message [不能为空]
org.springframework.validation.BindException: org.springframework.validation.BeanPropertyBindingResult: 3 errors
Field error in object 'createBulletProofRequest' on field 'userType': rejected value [null]; codes [NotEmpty.createBulletProofRequest.userType,NotEmpty.userType,NotEmpty.java.lang.String,NotEmpty]; arguments [org.springframework.context.support.DefaultMessageSourceResolvable: codes [createBulletProofRequest.userType,userType]; arguments []; default message [userType]]; default message [不能为空]
Field error in object 'createBulletProofRequest' on field 'channel': rejected value [null]; codes [NotEmpty.createBulletProofRequest.channel,NotEmpty.channel,NotEmpty.java.lang.String,NotEmpty]; arguments [org.springframework.context.support.DefaultMessageSourceResolvable: codes [createBulletProofRequest.channel,channel]; arguments []; default message [channel]]; default message [不能为空]
Field error in object 'createBulletProofRequest' on field 'range': rejected value [null]; codes [NotEmpty.createBulletProofRequest.range,NotEmpty.range,NotEmpty.java.lang.String,NotEmpty]; arguments [org.springframework.context.support.DefaultMessageSourceResolvable: codes [createBulletProofRequest.range,range]; arguments []; default message [range]]; default message [不能为空]
	at org.springframework.web.method.annotation.ModelAttributeMethodProcessor.resolveArgument(ModelAttributeMethodProcessor.java:164)
	at org.springframework.web.method.support.HandlerMethodArgumentResolverComposite.resolveArgument(HandlerMethodArgumentResolverComposite.java:121)
	at org.springframework.web.method.support.InvocableHandlerMethod.getMethodArgumentValues(InvocableHandlerMethod.java:167)
	at org.springframework.web.method.support.InvocableHandlerMethod.invokeForRequest(InvocableHandlerMethod.java:134)
	at org.springframework.web.servlet.mvc.method.annotation.ServletInvocableHandlerMethod.invokeAndHandle(ServletInvocableHandlerMethod.java:106)
	at org.springframework.web.servlet.mvc.method.annotation.RequestMappingHandlerAdapter.invokeHandlerMethod(RequestMappingHandlerAdapter.java:888)
	at org.springframework.web.servlet.mvc.method.annotation.RequestMappingHandlerAdapter.handleInternal(RequestMappingHandlerAdapter.java:793)
	at org.springframework.web.servlet.mvc.method.AbstractHandlerMethodAdapter.handle(AbstractHandlerMethodAdapter.java:87)
	at org.springframework.web.servlet.DispatcherServlet.doDispatch(DispatcherServlet.java:1040)
	at org.springframework.web.servlet.DispatcherServlet.doService(DispatcherServlet.java:943)
	at org.springframework.web.servlet.FrameworkServlet.processRequest(FrameworkServlet.java:1006)
	at org.springframework.web.servlet.FrameworkServlet.doPost(FrameworkServlet.java:909)
	at javax.servlet.http.HttpServlet.service(HttpServlet.java:660)
	at org.springframework.web.servlet.FrameworkServlet.service(FrameworkServlet.java:883)
	at javax.servlet.http.HttpServlet.service(HttpServlet.java:741)
	at org.apache.catalina.core.ApplicationFilterChain.internalDoFilter(ApplicationFilterChain.java:231)
	at org.apache.catalina.core.ApplicationFilterChain.doFilter(ApplicationFilterChain.java:166)
	at org.apache.tomcat.websocket.server.WsFilter.doFilter(WsFilter.java:53)
	at org.apache.catalina.core.ApplicationFilterChain.internalDoFilter(ApplicationFilterChain.java:193)
	at org.apache.catalina.core.ApplicationFilterChain.doFilter(ApplicationFilterChain.java:166)
	at org.springframework.web.filter.RequestContextFilter.doFilterInternal(RequestContextFilter.java:100)
	at org.springframework.web.filter.OncePerRequestFilter.doFilter(OncePerRequestFilter.java:119)
	at org.apache.catalina.core.ApplicationFilterChain.internalDoFilter(ApplicationFilterChain.java:193)
	at org.apache.catalina.core.ApplicationFilterChain.doFilter(ApplicationFilterChain.java:166)
	at org.springframework.web.filter.FormContentFilter.doFilterInternal(FormContentFilter.java:93)
	at org.springframework.web.filter.OncePerRequestFilter.doFilter(OncePerRequestFilter.java:119)
	at org.apache.catalina.core.ApplicationFilterChain.internalDoFilter(ApplicationFilterChain.java:193)
	at org.apache.catalina.core.ApplicationFilterChain.doFilter(ApplicationFilterChain.java:166)
	at org.springframework.web.filter.CharacterEncodingFilter.doFilterInternal(CharacterEncodingFilter.java:201)
	at org.springframework.web.filter.OncePerRequestFilter.doFilter(OncePerRequestFilter.java:119)
	at org.apache.catalina.core.ApplicationFilterChain.internalDoFilter(ApplicationFilterChain.java:193)
	at org.apache.catalina.core.ApplicationFilterChain.doFilter(ApplicationFilterChain.java:166)
	at org.apache.catalina.core.StandardWrapperValve.invoke(StandardWrapperValve.java:202)
	at org.apache.catalina.core.StandardContextValve.invoke(StandardContextValve.java:96)
	at org.apache.catalina.authenticator.AuthenticatorBase.invoke(AuthenticatorBase.java:541)
	at org.apache.catalina.core.StandardHostValve.invoke(StandardHostValve.java:139)
	at org.apache.catalina.valves.ErrorReportValve.invoke(ErrorReportValve.java:92)
	at org.apache.catalina.core.StandardEngineValve.invoke(StandardEngineValve.java:74)
	at org.apache.catalina.connector.CoyoteAdapter.service(CoyoteAdapter.java:343)
	at org.apache.coyote.http11.Http11Processor.service(Http11Processor.java:367)
	at org.apache.coyote.AbstractProcessorLight.process(AbstractProcessorLight.java:65)
	at org.apache.coyote.AbstractProtocol$ConnectionHandler.process(AbstractProtocol.java:860)
	at org.apache.tomcat.util.net.NioEndpoint$SocketProcessor.doRun(NioEndpoint.java:1598)
	at org.apache.tomcat.util.net.SocketProcessorBase.run(SocketProcessorBase.java:49)
	at java.util.concurrent.ThreadPoolExecutor.runWorker(ThreadPoolExecutor.java:1149)
	at java.util.concurrent.ThreadPoolExecutor$Worker.run(ThreadPoolExecutor.java:624)
	at org.apache.tomcat.util.threads.TaskThread$WrappingRunnable.run(TaskThread.java:61)
	at java.lang.Thread.run(Thread.java:750)
2023-04-04 23:51:14,137 INFO (ControllerOperatorAspect.java:45)- Returning from controller=ControllerLog(classMethod=com.weiyan.atp.app.controller.ControllerExceptionHandler.exceptionHandler, ip=127.0.0.1, args=[org.springframework.validation.BindException: org.springframework.validation.BeanPropertyBindingResult: 3 errors
Field error in object 'createBulletProofRequest' on field 'userType': rejected value [null]; codes [NotEmpty.createBulletProofRequest.userType,NotEmpty.userType,NotEmpty.java.lang.String,NotEmpty]; arguments [org.springframework.context.support.DefaultMessageSourceResolvable: codes [createBulletProofRequest.userType,userType]; arguments []; default message [userType]]; default message [不能为空]
Field error in object 'createBulletProofRequest' on field 'channel': rejected value [null]; codes [NotEmpty.createBulletProofRequest.channel,NotEmpty.channel,NotEmpty.java.lang.String,NotEmpty]; arguments [org.springframework.context.support.DefaultMessageSourceResolvable: codes [createBulletProofRequest.channel,channel]; arguments []; default message [channel]]; default message [不能为空]
Field error in object 'createBulletProofRequest' on field 'range': rejected value [null]; codes [NotEmpty.createBulletProofRequest.range,NotEmpty.range,NotEmpty.java.lang.String,NotEmpty]; arguments [org.springframework.context.support.DefaultMessageSourceResolvable: codes [createBulletProofRequest.range,range]; arguments []; default message [range]]; default message [不能为空]], url=http://127.0.0.1:8080/abe/zk/create, result=Result(code=500, message=Unknown Error Occurred!, data=null), startTime=1680623474120, endTime=1680623474137, spendTime=17, httpMethod=POST, user=null) 
2023-04-04 23:52:55,331 INFO (ExecutorConfigurationSupport.java:208)- Shutting down ExecutorService 'applicationTaskExecutor'
2023-04-04 23:53:05,227 INFO (StartupInfoLogger.java:55)- Starting AbeTrustPlatformApplication on tjydeMacBook-Pro.local with PID 52753 (started by tjy in /Users/tjy/区块链/珠海研究院/zhuhai/backend)
2023-04-04 23:53:05,232 INFO (SpringApplication.java:651)- No active profile set, falling back to default profiles: default
2023-04-04 23:53:06,551 INFO (TomcatWebServer.java:92)- Tomcat initialized with port(s): 8080 (http)
2023-04-04 23:53:06,558 INFO (DirectJDKLog.java:173)- Initializing ProtocolHandler ["http-nio-8080"]
2023-04-04 23:53:06,558 INFO (DirectJDKLog.java:173)- Starting service [Tomcat]
2023-04-04 23:53:06,558 INFO (DirectJDKLog.java:173)- Starting Servlet engine: [Apache Tomcat/9.0.30]
2023-04-04 23:53:06,637 INFO (DirectJDKLog.java:173)- Initializing Spring embedded WebApplicationContext
2023-04-04 23:53:06,638 INFO (ServletWebServerApplicationContext.java:284)- Root WebApplicationContext: initialization completed in 1352 ms
2023-04-04 23:53:06,737 WARN (Config.java:128)- Failed to load any configuration from: config.properties. Using toolkit defaults
2023-04-04 23:53:07,786 INFO (Channel.java:1310)- Channel Channel{id: 1, name: myc} eventThread started shutdown: false  thread: null 
2023-04-04 23:53:08,494 WARN (JacksonAutoConfiguration.java:123)- Auto-configuration of Jackson's Joda-Time integration is deprecated in favor of using java.time (JSR-310).
2023-04-04 23:53:08,610 INFO (ExecutorConfigurationSupport.java:171)- Initializing ExecutorService 'applicationTaskExecutor'
2023-04-04 23:53:08,715 INFO (WelcomePageHandlerMapping.java:54)- Adding welcome page: class path resource [static/index.html]
2023-04-04 23:53:08,856 INFO (DirectJDKLog.java:173)- Starting ProtocolHandler ["http-nio-8080"]
2023-04-04 23:53:08,894 INFO (TomcatWebServer.java:204)- Tomcat started on port(s): 8080 (http) with context path '/abe'
2023-04-04 23:53:08,914 INFO (StartupInfoLogger.java:61)- Started AbeTrustPlatformApplication in 4.356 seconds (JVM running for 5.173)
2023-04-04 23:53:10,519 INFO (DirectJDKLog.java:173)- Initializing Spring DispatcherServlet 'dispatcherServlet'
2023-04-04 23:53:10,523 INFO (FrameworkServlet.java:525)- Initializing Servlet 'dispatcherServlet'
2023-04-04 23:53:10,540 INFO (FrameworkServlet.java:547)- Completed initialization in 17 ms
2023-04-04 23:53:10,682 INFO (ControllerOperatorAspect.java:34)- Entering controller=ControllerLog(classMethod=com.weiyan.atp.app.controller.BulletProofController.createZK, ip=127.0.0.1, args=[CreateBulletProofRequest(tags=[上海, 医疗, 门诊], pid=1, value=5, range=null, userName=undefined, userType=null, channel=null)], url=http://127.0.0.1:8080/abe/zk/create, result=null, startTime=1680623590682, endTime=0, spendTime=0, httpMethod=POST, user=null) 
2023-04-04 23:57:50,957 WARN (DABEServiceImpl.java:68)- get user error
java.io.FileNotFoundException: File 'atp/user/undefined' does not exist
	at org.apache.commons.io.FileUtils.openInputStream(FileUtils.java:297)
	at org.apache.commons.io.FileUtils.readFileToString(FileUtils.java:1805)
	at com.weiyan.atp.service.impl.DABEServiceImpl.getUser(DABEServiceImpl.java:65)
	at com.weiyan.atp.service.impl.DABEServiceImpl$$FastClassBySpringCGLIB$$ab0af547.invoke(<generated>)
	at org.springframework.cglib.proxy.MethodProxy.invoke(MethodProxy.java:218)
	at org.springframework.aop.framework.CglibAopProxy$CglibMethodInvocation.invokeJoinpoint(CglibAopProxy.java:769)
	at org.springframework.aop.framework.ReflectiveMethodInvocation.proceed(ReflectiveMethodInvocation.java:163)
	at org.springframework.aop.framework.CglibAopProxy$CglibMethodInvocation.proceed(CglibAopProxy.java:747)
	at org.springframework.validation.beanvalidation.MethodValidationInterceptor.invoke(MethodValidationInterceptor.java:120)
	at org.springframework.aop.framework.ReflectiveMethodInvocation.proceed(ReflectiveMethodInvocation.java:186)
	at org.springframework.aop.framework.CglibAopProxy$CglibMethodInvocation.proceed(CglibAopProxy.java:747)
	at org.springframework.aop.framework.CglibAopProxy$DynamicAdvisedInterceptor.intercept(CglibAopProxy.java:689)
	at com.weiyan.atp.service.impl.DABEServiceImpl$$EnhancerBySpringCGLIB$$52d332ba.getUser(<generated>)
	at com.weiyan.atp.service.impl.BulletProofServiceImpl.createBulletProof(BulletProofServiceImpl.java:79)
	at com.weiyan.atp.service.impl.BulletProofServiceImpl$$FastClassBySpringCGLIB$$541d0b21.invoke(<generated>)
	at org.springframework.cglib.proxy.MethodProxy.invoke(MethodProxy.java:218)
	at org.springframework.aop.framework.CglibAopProxy$CglibMethodInvocation.invokeJoinpoint(CglibAopProxy.java:769)
	at org.springframework.aop.framework.ReflectiveMethodInvocation.proceed(ReflectiveMethodInvocation.java:163)
	at org.springframework.aop.framework.CglibAopProxy$CglibMethodInvocation.proceed(CglibAopProxy.java:747)
	at org.springframework.validation.beanvalidation.MethodValidationInterceptor.invoke(MethodValidationInterceptor.java:120)
	at org.springframework.aop.framework.ReflectiveMethodInvocation.proceed(ReflectiveMethodInvocation.java:186)
	at org.springframework.aop.framework.CglibAopProxy$CglibMethodInvocation.proceed(CglibAopProxy.java:747)
	at org.springframework.aop.framework.CglibAopProxy$DynamicAdvisedInterceptor.intercept(CglibAopProxy.java:689)
	at com.weiyan.atp.service.impl.BulletProofServiceImpl$$EnhancerBySpringCGLIB$$fdf0ec88.createBulletProof(<generated>)
	at com.weiyan.atp.app.controller.BulletProofController.createZK(BulletProofController.java:49)
	at com.weiyan.atp.app.controller.BulletProofController$$FastClassBySpringCGLIB$$8a9faf80.invoke(<generated>)
	at org.springframework.cglib.proxy.MethodProxy.invoke(MethodProxy.java:218)
	at org.springframework.aop.framework.CglibAopProxy$CglibMethodInvocation.invokeJoinpoint(CglibAopProxy.java:769)
	at org.springframework.aop.framework.ReflectiveMethodInvocation.proceed(ReflectiveMethodInvocation.java:163)
	at org.springframework.aop.framework.CglibAopProxy$CglibMethodInvocation.proceed(CglibAopProxy.java:747)
	at org.springframework.aop.framework.adapter.MethodBeforeAdviceInterceptor.invoke(MethodBeforeAdviceInterceptor.java:56)
	at org.springframework.aop.framework.ReflectiveMethodInvocation.proceed(ReflectiveMethodInvocation.java:186)
	at org.springframework.aop.framework.CglibAopProxy$CglibMethodInvocation.proceed(CglibAopProxy.java:747)
	at org.springframework.aop.framework.adapter.AfterReturningAdviceInterceptor.invoke(AfterReturningAdviceInterceptor.java:55)
	at org.springframework.aop.framework.ReflectiveMethodInvocation.proceed(ReflectiveMethodInvocation.java:186)
	at org.springframework.aop.framework.CglibAopProxy$CglibMethodInvocation.proceed(CglibAopProxy.java:747)
	at org.springframework.aop.aspectj.AspectJAfterThrowingAdvice.invoke(AspectJAfterThrowingAdvice.java:62)
	at org.springframework.aop.framework.ReflectiveMethodInvocation.proceed(ReflectiveMethodInvocation.java:186)
	at org.springframework.aop.framework.CglibAopProxy$CglibMethodInvocation.proceed(CglibAopProxy.java:747)
	at org.springframework.aop.interceptor.ExposeInvocationInterceptor.invoke(ExposeInvocationInterceptor.java:95)
	at org.springframework.aop.framework.ReflectiveMethodInvocation.proceed(ReflectiveMethodInvocation.java:186)
	at org.springframework.aop.framework.CglibAopProxy$CglibMethodInvocation.proceed(CglibAopProxy.java:747)
	at org.springframework.aop.framework.CglibAopProxy$DynamicAdvisedInterceptor.intercept(CglibAopProxy.java:689)
	at com.weiyan.atp.app.controller.BulletProofController$$EnhancerBySpringCGLIB$$d9e62eb9.createZK(<generated>)
	at sun.reflect.NativeMethodAccessorImpl.invoke0(Native Method)
	at sun.reflect.NativeMethodAccessorImpl.invoke(NativeMethodAccessorImpl.java:62)
	at sun.reflect.DelegatingMethodAccessorImpl.invoke(DelegatingMethodAccessorImpl.java:43)
	at java.lang.reflect.Method.invoke(Method.java:498)
	at org.springframework.web.method.support.InvocableHandlerMethod.doInvoke(InvocableHandlerMethod.java:190)
	at org.springframework.web.method.support.InvocableHandlerMethod.invokeForRequest(InvocableHandlerMethod.java:138)
	at org.springframework.web.servlet.mvc.method.annotation.ServletInvocableHandlerMethod.invokeAndHandle(ServletInvocableHandlerMethod.java:106)
	at org.springframework.web.servlet.mvc.method.annotation.RequestMappingHandlerAdapter.invokeHandlerMethod(RequestMappingHandlerAdapter.java:888)
	at org.springframework.web.servlet.mvc.method.annotation.RequestMappingHandlerAdapter.handleInternal(RequestMappingHandlerAdapter.java:793)
	at org.springframework.web.servlet.mvc.method.AbstractHandlerMethodAdapter.handle(AbstractHandlerMethodAdapter.java:87)
	at org.springframework.web.servlet.DispatcherServlet.doDispatch(DispatcherServlet.java:1040)
	at org.springframework.web.servlet.DispatcherServlet.doService(DispatcherServlet.java:943)
	at org.springframework.web.servlet.FrameworkServlet.processRequest(FrameworkServlet.java:1006)
	at org.springframework.web.servlet.FrameworkServlet.doPost(FrameworkServlet.java:909)
	at javax.servlet.http.HttpServlet.service(HttpServlet.java:660)
	at org.springframework.web.servlet.FrameworkServlet.service(FrameworkServlet.java:883)
	at javax.servlet.http.HttpServlet.service(HttpServlet.java:741)
	at org.apache.catalina.core.ApplicationFilterChain.internalDoFilter(ApplicationFilterChain.java:231)
	at org.apache.catalina.core.ApplicationFilterChain.doFilter(ApplicationFilterChain.java:166)
	at org.apache.tomcat.websocket.server.WsFilter.doFilter(WsFilter.java:53)
	at org.apache.catalina.core.ApplicationFilterChain.internalDoFilter(ApplicationFilterChain.java:193)
	at org.apache.catalina.core.ApplicationFilterChain.doFilter(ApplicationFilterChain.java:166)
	at org.springframework.web.filter.RequestContextFilter.doFilterInternal(RequestContextFilter.java:100)
	at org.springframework.web.filter.OncePerRequestFilter.doFilter(OncePerRequestFilter.java:119)
	at org.apache.catalina.core.ApplicationFilterChain.internalDoFilter(ApplicationFilterChain.java:193)
	at org.apache.catalina.core.ApplicationFilterChain.doFilter(ApplicationFilterChain.java:166)
	at org.springframework.web.filter.FormContentFilter.doFilterInternal(FormContentFilter.java:93)
	at org.springframework.web.filter.OncePerRequestFilter.doFilter(OncePerRequestFilter.java:119)
	at org.apache.catalina.core.ApplicationFilterChain.internalDoFilter(ApplicationFilterChain.java:193)
	at org.apache.catalina.core.ApplicationFilterChain.doFilter(ApplicationFilterChain.java:166)
	at org.springframework.web.filter.CharacterEncodingFilter.doFilterInternal(CharacterEncodingFilter.java:201)
	at org.springframework.web.filter.OncePerRequestFilter.doFilter(OncePerRequestFilter.java:119)
	at org.apache.catalina.core.ApplicationFilterChain.internalDoFilter(ApplicationFilterChain.java:193)
	at org.apache.catalina.core.ApplicationFilterChain.doFilter(ApplicationFilterChain.java:166)
	at org.apache.catalina.core.StandardWrapperValve.invoke(StandardWrapperValve.java:202)
	at org.apache.catalina.core.StandardContextValve.invoke(StandardContextValve.java:96)
	at org.apache.catalina.authenticator.AuthenticatorBase.invoke(AuthenticatorBase.java:541)
	at org.apache.catalina.core.StandardHostValve.invoke(StandardHostValve.java:139)
	at org.apache.catalina.valves.ErrorReportValve.invoke(ErrorReportValve.java:92)
	at org.apache.catalina.core.StandardEngineValve.invoke(StandardEngineValve.java:74)
	at org.apache.catalina.connector.CoyoteAdapter.service(CoyoteAdapter.java:343)
	at org.apache.coyote.http11.Http11Processor.service(Http11Processor.java:367)
	at org.apache.coyote.AbstractProcessorLight.process(AbstractProcessorLight.java:65)
	at org.apache.coyote.AbstractProtocol$ConnectionHandler.process(AbstractProtocol.java:860)
	at org.apache.tomcat.util.net.NioEndpoint$SocketProcessor.doRun(NioEndpoint.java:1598)
	at org.apache.tomcat.util.net.SocketProcessorBase.run(SocketProcessorBase.java:49)
	at java.util.concurrent.ThreadPoolExecutor.runWorker(ThreadPoolExecutor.java:1149)
	at java.util.concurrent.ThreadPoolExecutor$Worker.run(ThreadPoolExecutor.java:624)
	at org.apache.tomcat.util.threads.TaskThread$WrappingRunnable.run(TaskThread.java:61)
	at java.lang.Thread.run(Thread.java:750)
2023-04-04 23:59:25,788 WARN (ControllerOperatorAspect.java:56)- Throwing from controller=ControllerLog(classMethod=com.weiyan.atp.app.controller.BulletProofController.createZK, ip=127.0.0.1, args=[CreateBulletProofRequest(tags=[上海, 医疗, 门诊], pid=1, value=5, range=null, userName=undefined, userType=null, channel=null)], url=http://127.0.0.1:8080/abe/zk/create, result=null, startTime=1680623590682, endTime=1680623965784, spendTime=375102, httpMethod=POST, user=null) 
java.lang.NullPointerException: null
	at com.weiyan.atp.service.impl.BulletProofServiceImpl.createBulletProof(BulletProofServiceImpl.java:80)
	at com.weiyan.atp.service.impl.BulletProofServiceImpl$$FastClassBySpringCGLIB$$541d0b21.invoke(<generated>)
	at org.springframework.cglib.proxy.MethodProxy.invoke(MethodProxy.java:218)
	at org.springframework.aop.framework.CglibAopProxy$CglibMethodInvocation.invokeJoinpoint(CglibAopProxy.java:769)
	at org.springframework.aop.framework.ReflectiveMethodInvocation.proceed(ReflectiveMethodInvocation.java:163)
	at org.springframework.aop.framework.CglibAopProxy$CglibMethodInvocation.proceed(CglibAopProxy.java:747)
	at org.springframework.validation.beanvalidation.MethodValidationInterceptor.invoke(MethodValidationInterceptor.java:120)
	at org.springframework.aop.framework.ReflectiveMethodInvocation.proceed(ReflectiveMethodInvocation.java:186)
	at org.springframework.aop.framework.CglibAopProxy$CglibMethodInvocation.proceed(CglibAopProxy.java:747)
	at org.springframework.aop.framework.CglibAopProxy$DynamicAdvisedInterceptor.intercept(CglibAopProxy.java:689)
	at com.weiyan.atp.service.impl.BulletProofServiceImpl$$EnhancerBySpringCGLIB$$fdf0ec88.createBulletProof(<generated>)
	at com.weiyan.atp.app.controller.BulletProofController.createZK(BulletProofController.java:49)
	at com.weiyan.atp.app.controller.BulletProofController$$FastClassBySpringCGLIB$$8a9faf80.invoke(<generated>)
	at org.springframework.cglib.proxy.MethodProxy.invoke(MethodProxy.java:218)
	at org.springframework.aop.framework.CglibAopProxy$CglibMethodInvocation.invokeJoinpoint(CglibAopProxy.java:769)
	at org.springframework.aop.framework.ReflectiveMethodInvocation.proceed(ReflectiveMethodInvocation.java:163)
	at org.springframework.aop.framework.CglibAopProxy$CglibMethodInvocation.proceed(CglibAopProxy.java:747)
	at org.springframework.aop.framework.adapter.MethodBeforeAdviceInterceptor.invoke(MethodBeforeAdviceInterceptor.java:56)
	at org.springframework.aop.framework.ReflectiveMethodInvocation.proceed(ReflectiveMethodInvocation.java:186)
	at org.springframework.aop.framework.CglibAopProxy$CglibMethodInvocation.proceed(CglibAopProxy.java:747)
	at org.springframework.aop.framework.adapter.AfterReturningAdviceInterceptor.invoke(AfterReturningAdviceInterceptor.java:55)
	at org.springframework.aop.framework.ReflectiveMethodInvocation.proceed(ReflectiveMethodInvocation.java:186)
	at org.springframework.aop.framework.CglibAopProxy$CglibMethodInvocation.proceed(CglibAopProxy.java:747)
	at org.springframework.aop.aspectj.AspectJAfterThrowingAdvice.invoke(AspectJAfterThrowingAdvice.java:62)
	at org.springframework.aop.framework.ReflectiveMethodInvocation.proceed(ReflectiveMethodInvocation.java:186)
	at org.springframework.aop.framework.CglibAopProxy$CglibMethodInvocation.proceed(CglibAopProxy.java:747)
	at org.springframework.aop.interceptor.ExposeInvocationInterceptor.invoke(ExposeInvocationInterceptor.java:95)
	at org.springframework.aop.framework.ReflectiveMethodInvocation.proceed(ReflectiveMethodInvocation.java:186)
	at org.springframework.aop.framework.CglibAopProxy$CglibMethodInvocation.proceed(CglibAopProxy.java:747)
	at org.springframework.aop.framework.CglibAopProxy$DynamicAdvisedInterceptor.intercept(CglibAopProxy.java:689)
	at com.weiyan.atp.app.controller.BulletProofController$$EnhancerBySpringCGLIB$$d9e62eb9.createZK(<generated>)
	at sun.reflect.NativeMethodAccessorImpl.invoke0(Native Method)
	at sun.reflect.NativeMethodAccessorImpl.invoke(NativeMethodAccessorImpl.java:62)
	at sun.reflect.DelegatingMethodAccessorImpl.invoke(DelegatingMethodAccessorImpl.java:43)
	at java.lang.reflect.Method.invoke(Method.java:498)
	at org.springframework.web.method.support.InvocableHandlerMethod.doInvoke(InvocableHandlerMethod.java:190)
	at org.springframework.web.method.support.InvocableHandlerMethod.invokeForRequest(InvocableHandlerMethod.java:138)
	at org.springframework.web.servlet.mvc.method.annotation.ServletInvocableHandlerMethod.invokeAndHandle(ServletInvocableHandlerMethod.java:106)
	at org.springframework.web.servlet.mvc.method.annotation.RequestMappingHandlerAdapter.invokeHandlerMethod(RequestMappingHandlerAdapter.java:888)
	at org.springframework.web.servlet.mvc.method.annotation.RequestMappingHandlerAdapter.handleInternal(RequestMappingHandlerAdapter.java:793)
	at org.springframework.web.servlet.mvc.method.AbstractHandlerMethodAdapter.handle(AbstractHandlerMethodAdapter.java:87)
	at org.springframework.web.servlet.DispatcherServlet.doDispatch(DispatcherServlet.java:1040)
	at org.springframework.web.servlet.DispatcherServlet.doService(DispatcherServlet.java:943)
	at org.springframework.web.servlet.FrameworkServlet.processRequest(FrameworkServlet.java:1006)
	at org.springframework.web.servlet.FrameworkServlet.doPost(FrameworkServlet.java:909)
	at javax.servlet.http.HttpServlet.service(HttpServlet.java:660)
	at org.springframework.web.servlet.FrameworkServlet.service(FrameworkServlet.java:883)
	at javax.servlet.http.HttpServlet.service(HttpServlet.java:741)
	at org.apache.catalina.core.ApplicationFilterChain.internalDoFilter(ApplicationFilterChain.java:231)
	at org.apache.catalina.core.ApplicationFilterChain.doFilter(ApplicationFilterChain.java:166)
	at org.apache.tomcat.websocket.server.WsFilter.doFilter(WsFilter.java:53)
	at org.apache.catalina.core.ApplicationFilterChain.internalDoFilter(ApplicationFilterChain.java:193)
	at org.apache.catalina.core.ApplicationFilterChain.doFilter(ApplicationFilterChain.java:166)
	at org.springframework.web.filter.RequestContextFilter.doFilterInternal(RequestContextFilter.java:100)
	at org.springframework.web.filter.OncePerRequestFilter.doFilter(OncePerRequestFilter.java:119)
	at org.apache.catalina.core.ApplicationFilterChain.internalDoFilter(ApplicationFilterChain.java:193)
	at org.apache.catalina.core.ApplicationFilterChain.doFilter(ApplicationFilterChain.java:166)
	at org.springframework.web.filter.FormContentFilter.doFilterInternal(FormContentFilter.java:93)
	at org.springframework.web.filter.OncePerRequestFilter.doFilter(OncePerRequestFilter.java:119)
	at org.apache.catalina.core.ApplicationFilterChain.internalDoFilter(ApplicationFilterChain.java:193)
	at org.apache.catalina.core.ApplicationFilterChain.doFilter(ApplicationFilterChain.java:166)
	at org.springframework.web.filter.CharacterEncodingFilter.doFilterInternal(CharacterEncodingFilter.java:201)
	at org.springframework.web.filter.OncePerRequestFilter.doFilter(OncePerRequestFilter.java:119)
	at org.apache.catalina.core.ApplicationFilterChain.internalDoFilter(ApplicationFilterChain.java:193)
	at org.apache.catalina.core.ApplicationFilterChain.doFilter(ApplicationFilterChain.java:166)
	at org.apache.catalina.core.StandardWrapperValve.invoke(StandardWrapperValve.java:202)
	at org.apache.catalina.core.StandardContextValve.invoke(StandardContextValve.java:96)
	at org.apache.catalina.authenticator.AuthenticatorBase.invoke(AuthenticatorBase.java:541)
	at org.apache.catalina.core.StandardHostValve.invoke(StandardHostValve.java:139)
	at org.apache.catalina.valves.ErrorReportValve.invoke(ErrorReportValve.java:92)
	at org.apache.catalina.core.StandardEngineValve.invoke(StandardEngineValve.java:74)
	at org.apache.catalina.connector.CoyoteAdapter.service(CoyoteAdapter.java:343)
	at org.apache.coyote.http11.Http11Processor.service(Http11Processor.java:367)
	at org.apache.coyote.AbstractProcessorLight.process(AbstractProcessorLight.java:65)
	at org.apache.coyote.AbstractProtocol$ConnectionHandler.process(AbstractProtocol.java:860)
	at org.apache.tomcat.util.net.NioEndpoint$SocketProcessor.doRun(NioEndpoint.java:1598)
	at org.apache.tomcat.util.net.SocketProcessorBase.run(SocketProcessorBase.java:49)
	at java.util.concurrent.ThreadPoolExecutor.runWorker(ThreadPoolExecutor.java:1149)
	at java.util.concurrent.ThreadPoolExecutor$Worker.run(ThreadPoolExecutor.java:624)
	at org.apache.tomcat.util.threads.TaskThread$WrappingRunnable.run(TaskThread.java:61)
	at java.lang.Thread.run(Thread.java:750)
2023-04-04 23:59:25,826 INFO (ControllerOperatorAspect.java:34)- Entering controller=ControllerLog(classMethod=com.weiyan.atp.app.controller.ControllerExceptionHandler.handleNullPointerException, ip=127.0.0.1, args=[java.lang.NullPointerException], url=http://127.0.0.1:8080/abe/zk/create, result=null, startTime=1680623965825, endTime=0, spendTime=0, httpMethod=POST, user=null) 
2023-04-04 23:59:25,877 INFO (ExecutorConfigurationSupport.java:208)- Shutting down ExecutorService 'applicationTaskExecutor'
2023-04-04 23:59:25,883 WARN (ControllerExceptionHandler.java:47)- NullPointerException
java.lang.NullPointerException: null
	at com.weiyan.atp.service.impl.BulletProofServiceImpl.createBulletProof(BulletProofServiceImpl.java:80)
	at com.weiyan.atp.service.impl.BulletProofServiceImpl$$FastClassBySpringCGLIB$$541d0b21.invoke(<generated>)
	at org.springframework.cglib.proxy.MethodProxy.invoke(MethodProxy.java:218)
	at org.springframework.aop.framework.CglibAopProxy$CglibMethodInvocation.invokeJoinpoint(CglibAopProxy.java:769)
	at org.springframework.aop.framework.ReflectiveMethodInvocation.proceed(ReflectiveMethodInvocation.java:163)
	at org.springframework.aop.framework.CglibAopProxy$CglibMethodInvocation.proceed(CglibAopProxy.java:747)
	at org.springframework.validation.beanvalidation.MethodValidationInterceptor.invoke(MethodValidationInterceptor.java:120)
	at org.springframework.aop.framework.ReflectiveMethodInvocation.proceed(ReflectiveMethodInvocation.java:186)
	at org.springframework.aop.framework.CglibAopProxy$CglibMethodInvocation.proceed(CglibAopProxy.java:747)
	at org.springframework.aop.framework.CglibAopProxy$DynamicAdvisedInterceptor.intercept(CglibAopProxy.java:689)
	at com.weiyan.atp.service.impl.BulletProofServiceImpl$$EnhancerBySpringCGLIB$$fdf0ec88.createBulletProof(<generated>)
	at com.weiyan.atp.app.controller.BulletProofController.createZK(BulletProofController.java:49)
	at com.weiyan.atp.app.controller.BulletProofController$$FastClassBySpringCGLIB$$8a9faf80.invoke(<generated>)
	at org.springframework.cglib.proxy.MethodProxy.invoke(MethodProxy.java:218)
	at org.springframework.aop.framework.CglibAopProxy$CglibMethodInvocation.invokeJoinpoint(CglibAopProxy.java:769)
	at org.springframework.aop.framework.ReflectiveMethodInvocation.proceed(ReflectiveMethodInvocation.java:163)
	at org.springframework.aop.framework.CglibAopProxy$CglibMethodInvocation.proceed(CglibAopProxy.java:747)
	at org.springframework.aop.framework.adapter.MethodBeforeAdviceInterceptor.invoke(MethodBeforeAdviceInterceptor.java:56)
	at org.springframework.aop.framework.ReflectiveMethodInvocation.proceed(ReflectiveMethodInvocation.java:186)
	at org.springframework.aop.framework.CglibAopProxy$CglibMethodInvocation.proceed(CglibAopProxy.java:747)
	at org.springframework.aop.framework.adapter.AfterReturningAdviceInterceptor.invoke(AfterReturningAdviceInterceptor.java:55)
	at org.springframework.aop.framework.ReflectiveMethodInvocation.proceed(ReflectiveMethodInvocation.java:186)
	at org.springframework.aop.framework.CglibAopProxy$CglibMethodInvocation.proceed(CglibAopProxy.java:747)
	at org.springframework.aop.aspectj.AspectJAfterThrowingAdvice.invoke(AspectJAfterThrowingAdvice.java:62)
	at org.springframework.aop.framework.ReflectiveMethodInvocation.proceed(ReflectiveMethodInvocation.java:186)
	at org.springframework.aop.framework.CglibAopProxy$CglibMethodInvocation.proceed(CglibAopProxy.java:747)
	at org.springframework.aop.interceptor.ExposeInvocationInterceptor.invoke(ExposeInvocationInterceptor.java:95)
	at org.springframework.aop.framework.ReflectiveMethodInvocation.proceed(ReflectiveMethodInvocation.java:186)
	at org.springframework.aop.framework.CglibAopProxy$CglibMethodInvocation.proceed(CglibAopProxy.java:747)
	at org.springframework.aop.framework.CglibAopProxy$DynamicAdvisedInterceptor.intercept(CglibAopProxy.java:689)
	at com.weiyan.atp.app.controller.BulletProofController$$EnhancerBySpringCGLIB$$d9e62eb9.createZK(<generated>)
	at sun.reflect.NativeMethodAccessorImpl.invoke0(Native Method)
	at sun.reflect.NativeMethodAccessorImpl.invoke(NativeMethodAccessorImpl.java:62)
	at sun.reflect.DelegatingMethodAccessorImpl.invoke(DelegatingMethodAccessorImpl.java:43)
	at java.lang.reflect.Method.invoke(Method.java:498)
	at org.springframework.web.method.support.InvocableHandlerMethod.doInvoke(InvocableHandlerMethod.java:190)
	at org.springframework.web.method.support.InvocableHandlerMethod.invokeForRequest(InvocableHandlerMethod.java:138)
	at org.springframework.web.servlet.mvc.method.annotation.ServletInvocableHandlerMethod.invokeAndHandle(ServletInvocableHandlerMethod.java:106)
	at org.springframework.web.servlet.mvc.method.annotation.RequestMappingHandlerAdapter.invokeHandlerMethod(RequestMappingHandlerAdapter.java:888)
	at org.springframework.web.servlet.mvc.method.annotation.RequestMappingHandlerAdapter.handleInternal(RequestMappingHandlerAdapter.java:793)
	at org.springframework.web.servlet.mvc.method.AbstractHandlerMethodAdapter.handle(AbstractHandlerMethodAdapter.java:87)
	at org.springframework.web.servlet.DispatcherServlet.doDispatch(DispatcherServlet.java:1040)
	at org.springframework.web.servlet.DispatcherServlet.doService(DispatcherServlet.java:943)
	at org.springframework.web.servlet.FrameworkServlet.processRequest(FrameworkServlet.java:1006)
	at org.springframework.web.servlet.FrameworkServlet.doPost(FrameworkServlet.java:909)
	at javax.servlet.http.HttpServlet.service(HttpServlet.java:660)
	at org.springframework.web.servlet.FrameworkServlet.service(FrameworkServlet.java:883)
	at javax.servlet.http.HttpServlet.service(HttpServlet.java:741)
	at org.apache.catalina.core.ApplicationFilterChain.internalDoFilter(ApplicationFilterChain.java:231)
	at org.apache.catalina.core.ApplicationFilterChain.doFilter(ApplicationFilterChain.java:166)
	at org.apache.tomcat.websocket.server.WsFilter.doFilter(WsFilter.java:53)
	at org.apache.catalina.core.ApplicationFilterChain.internalDoFilter(ApplicationFilterChain.java:193)
	at org.apache.catalina.core.ApplicationFilterChain.doFilter(ApplicationFilterChain.java:166)
	at org.springframework.web.filter.RequestContextFilter.doFilterInternal(RequestContextFilter.java:100)
	at org.springframework.web.filter.OncePerRequestFilter.doFilter(OncePerRequestFilter.java:119)
	at org.apache.catalina.core.ApplicationFilterChain.internalDoFilter(ApplicationFilterChain.java:193)
	at org.apache.catalina.core.ApplicationFilterChain.doFilter(ApplicationFilterChain.java:166)
	at org.springframework.web.filter.FormContentFilter.doFilterInternal(FormContentFilter.java:93)
	at org.springframework.web.filter.OncePerRequestFilter.doFilter(OncePerRequestFilter.java:119)
	at org.apache.catalina.core.ApplicationFilterChain.internalDoFilter(ApplicationFilterChain.java:193)
	at org.apache.catalina.core.ApplicationFilterChain.doFilter(ApplicationFilterChain.java:166)
	at org.springframework.web.filter.CharacterEncodingFilter.doFilterInternal(CharacterEncodingFilter.java:201)
	at org.springframework.web.filter.OncePerRequestFilter.doFilter(OncePerRequestFilter.java:119)
	at org.apache.catalina.core.ApplicationFilterChain.internalDoFilter(ApplicationFilterChain.java:193)
	at org.apache.catalina.core.ApplicationFilterChain.doFilter(ApplicationFilterChain.java:166)
	at org.apache.catalina.core.StandardWrapperValve.invoke(StandardWrapperValve.java:202)
	at org.apache.catalina.core.StandardContextValve.invoke(StandardContextValve.java:96)
	at org.apache.catalina.authenticator.AuthenticatorBase.invoke(AuthenticatorBase.java:541)
	at org.apache.catalina.core.StandardHostValve.invoke(StandardHostValve.java:139)
	at org.apache.catalina.valves.ErrorReportValve.invoke(ErrorReportValve.java:92)
	at org.apache.catalina.core.StandardEngineValve.invoke(StandardEngineValve.java:74)
	at org.apache.catalina.connector.CoyoteAdapter.service(CoyoteAdapter.java:343)
	at org.apache.coyote.http11.Http11Processor.service(Http11Processor.java:367)
	at org.apache.coyote.AbstractProcessorLight.process(AbstractProcessorLight.java:65)
	at org.apache.coyote.AbstractProtocol$ConnectionHandler.process(AbstractProtocol.java:860)
	at org.apache.tomcat.util.net.NioEndpoint$SocketProcessor.doRun(NioEndpoint.java:1598)
	at org.apache.tomcat.util.net.SocketProcessorBase.run(SocketProcessorBase.java:49)
	at java.util.concurrent.ThreadPoolExecutor.runWorker(ThreadPoolExecutor.java:1149)
	at java.util.concurrent.ThreadPoolExecutor$Worker.run(ThreadPoolExecutor.java:624)
	at org.apache.tomcat.util.threads.TaskThread$WrappingRunnable.run(TaskThread.java:61)
	at java.lang.Thread.run(Thread.java:750)
2023-04-04 23:59:25,892 INFO (ControllerOperatorAspect.java:45)- Returning from controller=ControllerLog(classMethod=com.weiyan.atp.app.controller.ControllerExceptionHandler.handleNullPointerException, ip=127.0.0.1, args=[java.lang.NullPointerException], url=http://127.0.0.1:8080/abe/zk/create, result=Result(code=500, message=null, data=null), startTime=1680623965825, endTime=1680623965892, spendTime=67, httpMethod=POST, user=null) 
