2023-04-17 19:51:33,738 INFO (StartupInfoLogger.java:55)- Starting AbeTrustPlatformApplication on tjydeMacBook-Pro.local with PID 53852 (started by tjy in /Users/tjy/区块链/珠海研究院/zhuhai/backend)
2023-04-17 19:51:33,743 INFO (SpringApplication.java:651)- No active profile set, falling back to default profiles: default
2023-04-17 19:51:35,247 INFO (TomcatWebServer.java:92)- Tomcat initialized with port(s): 8080 (http)
2023-04-17 19:51:35,257 INFO (DirectJDKLog.java:173)- Initializing ProtocolHandler ["http-nio-8080"]
2023-04-17 19:51:35,257 INFO (DirectJDKLog.java:173)- Starting service [Tomcat]
2023-04-17 19:51:35,257 INFO (DirectJDKLog.java:173)- Starting Servlet engine: [Apache Tomcat/9.0.30]
2023-04-17 19:51:35,347 INFO (DirectJDKLog.java:173)- Initializing Spring embedded WebApplicationContext
2023-04-17 19:51:35,347 INFO (ServletWebServerApplicationContext.java:284)- Root WebApplicationContext: initialization completed in 1558 ms
2023-04-17 19:51:35,486 WARN (Config.java:128)- Failed to load any configuration from: config.properties. Using toolkit defaults
2023-04-17 19:51:41,442 INFO (Channel.java:1310)- Channel Channel{id: 1, name: myc} eventThread started shutdown: false  thread: null 
2023-04-17 19:51:43,017 WARN (JacksonAutoConfiguration.java:123)- Auto-configuration of Jackson's Joda-Time integration is deprecated in favor of using java.time (JSR-310).
2023-04-17 19:51:43,118 INFO (ExecutorConfigurationSupport.java:171)- Initializing ExecutorService 'applicationTaskExecutor'
2023-04-17 19:51:43,289 INFO (WelcomePageHandlerMapping.java:54)- Adding welcome page: class path resource [static/index.html]
2023-04-17 19:51:43,515 INFO (DirectJDKLog.java:173)- Starting ProtocolHandler ["http-nio-8080"]
2023-04-17 19:51:43,531 INFO (TomcatWebServer.java:204)- Tomcat started on port(s): 8080 (http) with context path '/abe'
2023-04-17 19:51:43,535 INFO (StartupInfoLogger.java:61)- Started AbeTrustPlatformApplication in 10.468 seconds (JVM running for 11.745)
2023-04-17 19:52:21,866 INFO (DirectJDKLog.java:173)- Initializing Spring DispatcherServlet 'dispatcherServlet'
2023-04-17 19:52:21,868 INFO (FrameworkServlet.java:525)- Initializing Servlet 'dispatcherServlet'
2023-04-17 19:52:21,882 INFO (FrameworkServlet.java:547)- Completed initialization in 14 ms
2023-04-17 19:52:21,942 INFO (ControllerOperatorAspect.java:34)- Entering controller=ControllerLog(classMethod=com.weiyan.atp.app.controller.BulletProofController.queryZK, ip=127.0.0.1, args=[null, , , 10, ], url=http://127.0.0.1:8080/abe/zk/list, result=null, startTime=1681732341941, endTime=0, spendTime=0, httpMethod=GET, user=null) 
2023-04-17 19:52:22,403 INFO (BulletProofServiceImpl.java:145)- query zks from bp error: cannot query all bulletproofs
2023-04-17 19:52:22,406 WARN (ControllerOperatorAspect.java:56)- Throwing from controller=ControllerLog(classMethod=com.weiyan.atp.app.controller.BulletProofController.queryZK, ip=127.0.0.1, args=[null, , , 10, ], url=http://127.0.0.1:8080/abe/zk/list, result=null, startTime=1681732341941, endTime=1681732342405, spendTime=464, httpMethod=GET, user=null) 
com.weiyan.atp.constant.BaseException: query zks from bp error: cannot query all bulletproofs
	at com.weiyan.atp.service.impl.BulletProofServiceImpl.queryBulletProof(BulletProofServiceImpl.java:146)
	at com.weiyan.atp.service.impl.BulletProofServiceImpl$$FastClassBySpringCGLIB$$541d0b21.invoke(<generated>)
	at org.springframework.cglib.proxy.MethodProxy.invoke(MethodProxy.java:218)
	at org.springframework.aop.framework.CglibAopProxy$CglibMethodInvocation.invokeJoinpoint(CglibAopProxy.java:769)
	at org.springframework.aop.framework.ReflectiveMethodInvocation.proceed(ReflectiveMethodInvocation.java:163)
	at org.springframework.aop.framework.CglibAopProxy$CglibMethodInvocation.proceed(CglibAopProxy.java:747)
	at org.springframework.validation.beanvalidation.MethodValidationInterceptor.invoke(MethodValidationInterceptor.java:120)
	at org.springframework.aop.framework.ReflectiveMethodInvocation.proceed(ReflectiveMethodInvocation.java:186)
	at org.springframework.aop.framework.CglibAopProxy$CglibMethodInvocation.proceed(CglibAopProxy.java:747)
	at org.springframework.aop.framework.CglibAopProxy$DynamicAdvisedInterceptor.intercept(CglibAopProxy.java:689)
	at com.weiyan.atp.service.impl.BulletProofServiceImpl$$EnhancerBySpringCGLIB$$f07e5ea7.queryBulletProof(<generated>)
	at com.weiyan.atp.app.controller.BulletProofController.queryZK(BulletProofController.java:62)
	at com.weiyan.atp.app.controller.BulletProofController$$FastClassBySpringCGLIB$$8a9faf80.invoke(<generated>)
	at org.springframework.cglib.proxy.MethodProxy.invoke(MethodProxy.java:218)
	at org.springframework.aop.framework.CglibAopProxy$CglibMethodInvocation.invokeJoinpoint(CglibAopProxy.java:769)
	at org.springframework.aop.framework.ReflectiveMethodInvocation.proceed(ReflectiveMethodInvocation.java:163)
	at org.springframework.aop.framework.CglibAopProxy$CglibMethodInvocation.proceed(CglibAopProxy.java:747)
	at org.springframework.aop.framework.adapter.MethodBeforeAdviceInterceptor.invoke(MethodBeforeAdviceInterceptor.java:56)
	at org.springframework.aop.framework.ReflectiveMethodInvocation.proceed(ReflectiveMethodInvocation.java:186)
	at org.springframework.aop.framework.CglibAopProxy$CglibMethodInvocation.proceed(CglibAopProxy.java:747)
	at org.springframework.aop.framework.adapter.AfterReturningAdviceInterceptor.invoke(AfterReturningAdviceInterceptor.java:55)
	at org.springframework.aop.framework.ReflectiveMethodInvocation.proceed(ReflectiveMethodInvocation.java:186)
	at org.springframework.aop.framework.CglibAopProxy$CglibMethodInvocation.proceed(CglibAopProxy.java:747)
	at org.springframework.aop.aspectj.AspectJAfterThrowingAdvice.invoke(AspectJAfterThrowingAdvice.java:62)
	at org.springframework.aop.framework.ReflectiveMethodInvocation.proceed(ReflectiveMethodInvocation.java:186)
	at org.springframework.aop.framework.CglibAopProxy$CglibMethodInvocation.proceed(CglibAopProxy.java:747)
	at org.springframework.aop.interceptor.ExposeInvocationInterceptor.invoke(ExposeInvocationInterceptor.java:95)
	at org.springframework.aop.framework.ReflectiveMethodInvocation.proceed(ReflectiveMethodInvocation.java:186)
	at org.springframework.aop.framework.CglibAopProxy$CglibMethodInvocation.proceed(CglibAopProxy.java:747)
	at org.springframework.aop.framework.CglibAopProxy$DynamicAdvisedInterceptor.intercept(CglibAopProxy.java:689)
	at com.weiyan.atp.app.controller.BulletProofController$$EnhancerBySpringCGLIB$$d2a0767a.queryZK(<generated>)
	at sun.reflect.NativeMethodAccessorImpl.invoke0(Native Method)
	at sun.reflect.NativeMethodAccessorImpl.invoke(NativeMethodAccessorImpl.java:62)
	at sun.reflect.DelegatingMethodAccessorImpl.invoke(DelegatingMethodAccessorImpl.java:43)
	at java.lang.reflect.Method.invoke(Method.java:498)
	at org.springframework.web.method.support.InvocableHandlerMethod.doInvoke(InvocableHandlerMethod.java:190)
	at org.springframework.web.method.support.InvocableHandlerMethod.invokeForRequest(InvocableHandlerMethod.java:138)
	at org.springframework.web.servlet.mvc.method.annotation.ServletInvocableHandlerMethod.invokeAndHandle(ServletInvocableHandlerMethod.java:106)
	at org.springframework.web.servlet.mvc.method.annotation.RequestMappingHandlerAdapter.invokeHandlerMethod(RequestMappingHandlerAdapter.java:888)
	at org.springframework.web.servlet.mvc.method.annotation.RequestMappingHandlerAdapter.handleInternal(RequestMappingHandlerAdapter.java:793)
	at org.springframework.web.servlet.mvc.method.AbstractHandlerMethodAdapter.handle(AbstractHandlerMethodAdapter.java:87)
	at org.springframework.web.servlet.DispatcherServlet.doDispatch(DispatcherServlet.java:1040)
	at org.springframework.web.servlet.DispatcherServlet.doService(DispatcherServlet.java:943)
	at org.springframework.web.servlet.FrameworkServlet.processRequest(FrameworkServlet.java:1006)
	at org.springframework.web.servlet.FrameworkServlet.doGet(FrameworkServlet.java:898)
	at javax.servlet.http.HttpServlet.service(HttpServlet.java:634)
	at org.springframework.web.servlet.FrameworkServlet.service(FrameworkServlet.java:883)
	at javax.servlet.http.HttpServlet.service(HttpServlet.java:741)
	at org.apache.catalina.core.ApplicationFilterChain.internalDoFilter(ApplicationFilterChain.java:231)
	at org.apache.catalina.core.ApplicationFilterChain.doFilter(ApplicationFilterChain.java:166)
	at org.apache.tomcat.websocket.server.WsFilter.doFilter(WsFilter.java:53)
	at org.apache.catalina.core.ApplicationFilterChain.internalDoFilter(ApplicationFilterChain.java:193)
	at org.apache.catalina.core.ApplicationFilterChain.doFilter(ApplicationFilterChain.java:166)
	at org.springframework.web.filter.RequestContextFilter.doFilterInternal(RequestContextFilter.java:100)
	at org.springframework.web.filter.OncePerRequestFilter.doFilter(OncePerRequestFilter.java:119)
	at org.apache.catalina.core.ApplicationFilterChain.internalDoFilter(ApplicationFilterChain.java:193)
	at org.apache.catalina.core.ApplicationFilterChain.doFilter(ApplicationFilterChain.java:166)
	at org.springframework.web.filter.FormContentFilter.doFilterInternal(FormContentFilter.java:93)
	at org.springframework.web.filter.OncePerRequestFilter.doFilter(OncePerRequestFilter.java:119)
	at org.apache.catalina.core.ApplicationFilterChain.internalDoFilter(ApplicationFilterChain.java:193)
	at org.apache.catalina.core.ApplicationFilterChain.doFilter(ApplicationFilterChain.java:166)
	at org.springframework.web.filter.CharacterEncodingFilter.doFilterInternal(CharacterEncodingFilter.java:201)
	at org.springframework.web.filter.OncePerRequestFilter.doFilter(OncePerRequestFilter.java:119)
	at org.apache.catalina.core.ApplicationFilterChain.internalDoFilter(ApplicationFilterChain.java:193)
	at org.apache.catalina.core.ApplicationFilterChain.doFilter(ApplicationFilterChain.java:166)
	at org.apache.catalina.core.StandardWrapperValve.invoke(StandardWrapperValve.java:202)
	at org.apache.catalina.core.StandardContextValve.invoke(StandardContextValve.java:96)
	at org.apache.catalina.authenticator.AuthenticatorBase.invoke(AuthenticatorBase.java:541)
	at org.apache.catalina.core.StandardHostValve.invoke(StandardHostValve.java:139)
	at org.apache.catalina.valves.ErrorReportValve.invoke(ErrorReportValve.java:92)
	at org.apache.catalina.core.StandardEngineValve.invoke(StandardEngineValve.java:74)
	at org.apache.catalina.connector.CoyoteAdapter.service(CoyoteAdapter.java:343)
	at org.apache.coyote.http11.Http11Processor.service(Http11Processor.java:367)
	at org.apache.coyote.AbstractProcessorLight.process(AbstractProcessorLight.java:65)
	at org.apache.coyote.AbstractProtocol$ConnectionHandler.process(AbstractProtocol.java:860)
	at org.apache.tomcat.util.net.NioEndpoint$SocketProcessor.doRun(NioEndpoint.java:1598)
	at org.apache.tomcat.util.net.SocketProcessorBase.run(SocketProcessorBase.java:49)
	at java.util.concurrent.ThreadPoolExecutor.runWorker(ThreadPoolExecutor.java:1149)
	at java.util.concurrent.ThreadPoolExecutor$Worker.run(ThreadPoolExecutor.java:624)
	at org.apache.tomcat.util.threads.TaskThread$WrappingRunnable.run(TaskThread.java:61)
	at java.lang.Thread.run(Thread.java:750)
2023-04-17 19:52:22,417 INFO (ControllerOperatorAspect.java:34)- Entering controller=ControllerLog(classMethod=com.weiyan.atp.app.controller.ControllerExceptionHandler.handleException, ip=127.0.0.1, args=[BaseException(errorCode=-1)], url=http://127.0.0.1:8080/abe/zk/list, result=null, startTime=1681732342417, endTime=0, spendTime=0, httpMethod=GET, user=null) 
2023-04-17 19:52:22,421 WARN (ControllerExceptionHandler.java:23)- BaseException handler catched.
com.weiyan.atp.constant.BaseException: query zks from bp error: cannot query all bulletproofs
	at com.weiyan.atp.service.impl.BulletProofServiceImpl.queryBulletProof(BulletProofServiceImpl.java:146)
	at com.weiyan.atp.service.impl.BulletProofServiceImpl$$FastClassBySpringCGLIB$$541d0b21.invoke(<generated>)
	at org.springframework.cglib.proxy.MethodProxy.invoke(MethodProxy.java:218)
	at org.springframework.aop.framework.CglibAopProxy$CglibMethodInvocation.invokeJoinpoint(CglibAopProxy.java:769)
	at org.springframework.aop.framework.ReflectiveMethodInvocation.proceed(ReflectiveMethodInvocation.java:163)
	at org.springframework.aop.framework.CglibAopProxy$CglibMethodInvocation.proceed(CglibAopProxy.java:747)
	at org.springframework.validation.beanvalidation.MethodValidationInterceptor.invoke(MethodValidationInterceptor.java:120)
	at org.springframework.aop.framework.ReflectiveMethodInvocation.proceed(ReflectiveMethodInvocation.java:186)
	at org.springframework.aop.framework.CglibAopProxy$CglibMethodInvocation.proceed(CglibAopProxy.java:747)
	at org.springframework.aop.framework.CglibAopProxy$DynamicAdvisedInterceptor.intercept(CglibAopProxy.java:689)
	at com.weiyan.atp.service.impl.BulletProofServiceImpl$$EnhancerBySpringCGLIB$$f07e5ea7.queryBulletProof(<generated>)
	at com.weiyan.atp.app.controller.BulletProofController.queryZK(BulletProofController.java:62)
	at com.weiyan.atp.app.controller.BulletProofController$$FastClassBySpringCGLIB$$8a9faf80.invoke(<generated>)
	at org.springframework.cglib.proxy.MethodProxy.invoke(MethodProxy.java:218)
	at org.springframework.aop.framework.CglibAopProxy$CglibMethodInvocation.invokeJoinpoint(CglibAopProxy.java:769)
	at org.springframework.aop.framework.ReflectiveMethodInvocation.proceed(ReflectiveMethodInvocation.java:163)
	at org.springframework.aop.framework.CglibAopProxy$CglibMethodInvocation.proceed(CglibAopProxy.java:747)
	at org.springframework.aop.framework.adapter.MethodBeforeAdviceInterceptor.invoke(MethodBeforeAdviceInterceptor.java:56)
	at org.springframework.aop.framework.ReflectiveMethodInvocation.proceed(ReflectiveMethodInvocation.java:186)
	at org.springframework.aop.framework.CglibAopProxy$CglibMethodInvocation.proceed(CglibAopProxy.java:747)
	at org.springframework.aop.framework.adapter.AfterReturningAdviceInterceptor.invoke(AfterReturningAdviceInterceptor.java:55)
	at org.springframework.aop.framework.ReflectiveMethodInvocation.proceed(ReflectiveMethodInvocation.java:186)
	at org.springframework.aop.framework.CglibAopProxy$CglibMethodInvocation.proceed(CglibAopProxy.java:747)
	at org.springframework.aop.aspectj.AspectJAfterThrowingAdvice.invoke(AspectJAfterThrowingAdvice.java:62)
	at org.springframework.aop.framework.ReflectiveMethodInvocation.proceed(ReflectiveMethodInvocation.java:186)
	at org.springframework.aop.framework.CglibAopProxy$CglibMethodInvocation.proceed(CglibAopProxy.java:747)
	at org.springframework.aop.interceptor.ExposeInvocationInterceptor.invoke(ExposeInvocationInterceptor.java:95)
	at org.springframework.aop.framework.ReflectiveMethodInvocation.proceed(ReflectiveMethodInvocation.java:186)
	at org.springframework.aop.framework.CglibAopProxy$CglibMethodInvocation.proceed(CglibAopProxy.java:747)
	at org.springframework.aop.framework.CglibAopProxy$DynamicAdvisedInterceptor.intercept(CglibAopProxy.java:689)
	at com.weiyan.atp.app.controller.BulletProofController$$EnhancerBySpringCGLIB$$d2a0767a.queryZK(<generated>)
	at sun.reflect.NativeMethodAccessorImpl.invoke0(Native Method)
	at sun.reflect.NativeMethodAccessorImpl.invoke(NativeMethodAccessorImpl.java:62)
	at sun.reflect.DelegatingMethodAccessorImpl.invoke(DelegatingMethodAccessorImpl.java:43)
	at java.lang.reflect.Method.invoke(Method.java:498)
	at org.springframework.web.method.support.InvocableHandlerMethod.doInvoke(InvocableHandlerMethod.java:190)
	at org.springframework.web.method.support.InvocableHandlerMethod.invokeForRequest(InvocableHandlerMethod.java:138)
	at org.springframework.web.servlet.mvc.method.annotation.ServletInvocableHandlerMethod.invokeAndHandle(ServletInvocableHandlerMethod.java:106)
	at org.springframework.web.servlet.mvc.method.annotation.RequestMappingHandlerAdapter.invokeHandlerMethod(RequestMappingHandlerAdapter.java:888)
	at org.springframework.web.servlet.mvc.method.annotation.RequestMappingHandlerAdapter.handleInternal(RequestMappingHandlerAdapter.java:793)
	at org.springframework.web.servlet.mvc.method.AbstractHandlerMethodAdapter.handle(AbstractHandlerMethodAdapter.java:87)
	at org.springframework.web.servlet.DispatcherServlet.doDispatch(DispatcherServlet.java:1040)
	at org.springframework.web.servlet.DispatcherServlet.doService(DispatcherServlet.java:943)
	at org.springframework.web.servlet.FrameworkServlet.processRequest(FrameworkServlet.java:1006)
	at org.springframework.web.servlet.FrameworkServlet.doGet(FrameworkServlet.java:898)
	at javax.servlet.http.HttpServlet.service(HttpServlet.java:634)
	at org.springframework.web.servlet.FrameworkServlet.service(FrameworkServlet.java:883)
	at javax.servlet.http.HttpServlet.service(HttpServlet.java:741)
	at org.apache.catalina.core.ApplicationFilterChain.internalDoFilter(ApplicationFilterChain.java:231)
	at org.apache.catalina.core.ApplicationFilterChain.doFilter(ApplicationFilterChain.java:166)
	at org.apache.tomcat.websocket.server.WsFilter.doFilter(WsFilter.java:53)
	at org.apache.catalina.core.ApplicationFilterChain.internalDoFilter(ApplicationFilterChain.java:193)
	at org.apache.catalina.core.ApplicationFilterChain.doFilter(ApplicationFilterChain.java:166)
	at org.springframework.web.filter.RequestContextFilter.doFilterInternal(RequestContextFilter.java:100)
	at org.springframework.web.filter.OncePerRequestFilter.doFilter(OncePerRequestFilter.java:119)
	at org.apache.catalina.core.ApplicationFilterChain.internalDoFilter(ApplicationFilterChain.java:193)
	at org.apache.catalina.core.ApplicationFilterChain.doFilter(ApplicationFilterChain.java:166)
	at org.springframework.web.filter.FormContentFilter.doFilterInternal(FormContentFilter.java:93)
	at org.springframework.web.filter.OncePerRequestFilter.doFilter(OncePerRequestFilter.java:119)
	at org.apache.catalina.core.ApplicationFilterChain.internalDoFilter(ApplicationFilterChain.java:193)
	at org.apache.catalina.core.ApplicationFilterChain.doFilter(ApplicationFilterChain.java:166)
	at org.springframework.web.filter.CharacterEncodingFilter.doFilterInternal(CharacterEncodingFilter.java:201)
	at org.springframework.web.filter.OncePerRequestFilter.doFilter(OncePerRequestFilter.java:119)
	at org.apache.catalina.core.ApplicationFilterChain.internalDoFilter(ApplicationFilterChain.java:193)
	at org.apache.catalina.core.ApplicationFilterChain.doFilter(ApplicationFilterChain.java:166)
	at org.apache.catalina.core.StandardWrapperValve.invoke(StandardWrapperValve.java:202)
	at org.apache.catalina.core.StandardContextValve.invoke(StandardContextValve.java:96)
	at org.apache.catalina.authenticator.AuthenticatorBase.invoke(AuthenticatorBase.java:541)
	at org.apache.catalina.core.StandardHostValve.invoke(StandardHostValve.java:139)
	at org.apache.catalina.valves.ErrorReportValve.invoke(ErrorReportValve.java:92)
	at org.apache.catalina.core.StandardEngineValve.invoke(StandardEngineValve.java:74)
	at org.apache.catalina.connector.CoyoteAdapter.service(CoyoteAdapter.java:343)
	at org.apache.coyote.http11.Http11Processor.service(Http11Processor.java:367)
	at org.apache.coyote.AbstractProcessorLight.process(AbstractProcessorLight.java:65)
	at org.apache.coyote.AbstractProtocol$ConnectionHandler.process(AbstractProtocol.java:860)
	at org.apache.tomcat.util.net.NioEndpoint$SocketProcessor.doRun(NioEndpoint.java:1598)
	at org.apache.tomcat.util.net.SocketProcessorBase.run(SocketProcessorBase.java:49)
	at java.util.concurrent.ThreadPoolExecutor.runWorker(ThreadPoolExecutor.java:1149)
	at java.util.concurrent.ThreadPoolExecutor$Worker.run(ThreadPoolExecutor.java:624)
	at org.apache.tomcat.util.threads.TaskThread$WrappingRunnable.run(TaskThread.java:61)
	at java.lang.Thread.run(Thread.java:750)
2023-04-17 19:52:22,423 INFO (ControllerOperatorAspect.java:45)- Returning from controller=ControllerLog(classMethod=com.weiyan.atp.app.controller.ControllerExceptionHandler.handleException, ip=127.0.0.1, args=[BaseException(errorCode=-1)], url=http://127.0.0.1:8080/abe/zk/list, result=Result(code=-1, message=query zks from bp error: cannot query all bulletproofs, data=null), startTime=1681732342417, endTime=1681732342423, spendTime=6, httpMethod=GET, user=null) 
2023-04-17 19:52:28,355 INFO (ControllerOperatorAspect.java:34)- Entering controller=ControllerLog(classMethod=com.weiyan.atp.app.controller.DABEController.getUser2, ip=127.0.0.1, args=[zhuhaibp2, zhuhaibp2], url=http://127.0.0.1:8080/abe/dabe/user2, result=null, startTime=1681732348355, endTime=0, spendTime=0, httpMethod=POST, user=null) 
2023-04-17 19:52:28,565 INFO (ControllerOperatorAspect.java:45)- Returning from controller=ControllerLog(classMethod=com.weiyan.atp.app.controller.DABEController.getUser2, ip=127.0.0.1, args=[zhuhaibp2, zhuhaibp2], url=http://127.0.0.1:8080/abe/dabe/user2, result=Result(code=200, message=null, data=DABEUser(apkMap={}, askMap={}, eggAlpha=[3996083046856670074125967718226431020868265465622970744934082201771584635370988269595988240458696554423208308120206811, 6894200332585483427991684926662856922235511239746055538828609172836078204511205867384579697376024743252194996531594594], alpha=3404178491231474800098079771872588369286102181479279569561899568690928962565312166297694085919175055823862243659620, gAlpha=[1250984828343162364903898345708462818569110884737056488685931299226539684210375510369561931954528323001893722595755866, 782022567080997769017405104829289189386051175434343572874082788523934002321422075756699536994016246662012969989792786], name=zhuhaibp2, opkMap={}, oskMap={}, appliedAttrMap={}, privacyAttrMap={}, password=a70275c47d45b5667978c43848753cb3, userType=user, channel=myc)), startTime=1681732348355, endTime=1681732348565, spendTime=210, httpMethod=POST, user=null) 
2023-04-17 19:52:30,050 INFO (ControllerOperatorAspect.java:34)- Entering controller=ControllerLog(classMethod=com.weiyan.atp.app.controller.UserController.attrHistory, ip=127.0.0.1, args=[zhuhaibp2], url=http://127.0.0.1:8080/abe/user/attr/history, result=null, startTime=1681732350050, endTime=0, spendTime=0, httpMethod=POST, user=null) 
2023-04-17 19:52:30,053 INFO (ControllerOperatorAspect.java:34)- Entering controller=ControllerLog(classMethod=com.weiyan.atp.app.controller.UserController.queryAttrApply, ip=127.0.0.1, args=[zhuhaibp2, 0, null, ALL], url=http://127.0.0.1:8080/abe/user/attr/apply, result=null, startTime=1681732350053, endTime=0, spendTime=0, httpMethod=GET, user=null) 
2023-04-17 19:52:30,144 INFO (ControllerOperatorAspect.java:45)- Returning from controller=ControllerLog(classMethod=com.weiyan.atp.app.controller.UserController.attrHistory, ip=127.0.0.1, args=[zhuhaibp2], url=http://127.0.0.1:8080/abe/user/attr/history, result=Result(code=500, message=Invalid invoke function name. Expecting "/user/create" "/user/declareAttr" "/user/getUser" "/user/applyAttr" "/user/getAttrApply" "/user/approveAttrApply", data=null), startTime=1681732350050, endTime=1681732350144, spendTime=94, httpMethod=POST, user=null) 
2023-04-17 19:52:30,299 INFO (ControllerOperatorAspect.java:45)- Returning from controller=ControllerLog(classMethod=com.weiyan.atp.app.controller.UserController.queryAttrApply, ip=127.0.0.1, args=[zhuhaibp2, 0, null, ALL], url=http://127.0.0.1:8080/abe/user/attr/apply, result=Result(code=200, message=null, data=[]), startTime=1681732350053, endTime=1681732350299, spendTime=246, httpMethod=GET, user=null) 
2023-04-17 19:52:38,367 INFO (ControllerOperatorAspect.java:34)- Entering controller=ControllerLog(classMethod=com.weiyan.atp.app.controller.DABEController.declareAttr, ip=127.0.0.1, args=[zhuhaibp2, zhuhaibp2:cs], url=http://127.0.0.1:8080/abe/dabe/user/attr, result=null, startTime=1681732358367, endTime=0, spendTime=0, httpMethod=POST, user=null) 
2023-04-17 19:57:04,565 INFO (ControllerOperatorAspect.java:45)- Returning from controller=ControllerLog(classMethod=com.weiyan.atp.app.controller.DABEController.declareAttr, ip=127.0.0.1, args=[zhuhaibp2, zhuhaibp2:cs], url=http://127.0.0.1:8080/abe/dabe/user/attr, result=Result(code=200, message=null, data=DABEUser(apkMap={zhuhaibp2:cs=DABEUser.APK(gy=[3422595312276640564692116401358062724490751572318537903616572046397473466539921878180367475156806697225578205120799425, 5304782327921048327422161383719457256807991909585235170304284889566687470373535520251923362814697647094059898871429327])}, askMap={zhuhaibp2:cs=DABEUser.ASK(y=4223601536217748077577906457692681969685178102298285477968979272457917326999384827962584707107356466417523173948460)}, eggAlpha=[3996083046856670074125967718226431020868265465622970744934082201771584635370988269595988240458696554423208308120206811, 6894200332585483427991684926662856922235511239746055538828609172836078204511205867384579697376024743252194996531594594], alpha=3404178491231474800098079771872588369286102181479279569561899568690928962565312166297694085919175055823862243659620, gAlpha=[1250984828343162364903898345708462818569110884737056488685931299226539684210375510369561931954528323001893722595755866, 782022567080997769017405104829289189386051175434343572874082788523934002321422075756699536994016246662012969989792786], name=zhuhaibp2, opkMap={}, oskMap={}, appliedAttrMap={}, privacyAttrMap={}, password=a70275c47d45b5667978c43848753cb3, userType=user, channel=myc)), startTime=1681732358367, endTime=1681732624565, spendTime=266198, httpMethod=POST, user=null) 
2023-04-17 19:57:04,657 INFO (ControllerOperatorAspect.java:34)- Entering controller=ControllerLog(classMethod=com.weiyan.atp.app.controller.UserController.declareAttr, ip=127.0.0.1, args=[DeclareUserAttrRequest(attrName=zhuhaibp2:cs, fileName=zhuhaibp2)], url=http://127.0.0.1:8080/abe/user/attr, result=null, startTime=1681732624657, endTime=0, spendTime=0, httpMethod=POST, user=null) 
2023-04-17 19:57:07,092 INFO (ControllerOperatorAspect.java:45)- Returning from controller=ControllerLog(classMethod=com.weiyan.atp.app.controller.UserController.declareAttr, ip=127.0.0.1, args=[DeclareUserAttrRequest(attrName=zhuhaibp2:cs, fileName=zhuhaibp2)], url=http://127.0.0.1:8080/abe/user/attr, result=Result(code=200, message=null, data=), startTime=1681732624657, endTime=1681732627091, spendTime=2434, httpMethod=POST, user=null) 
2023-04-17 19:57:16,005 INFO (ControllerOperatorAspect.java:34)- Entering controller=ControllerLog(classMethod=com.weiyan.atp.app.controller.BulletProofController.queryZK, ip=127.0.0.1, args=[zhuhaibp2, , , 10, ], url=http://127.0.0.1:8080/abe/zk/list, result=null, startTime=1681732636005, endTime=0, spendTime=0, httpMethod=GET, user=null) 
2023-04-17 19:57:16,145 INFO (ControllerOperatorAspect.java:45)- Returning from controller=ControllerLog(classMethod=com.weiyan.atp.app.controller.BulletProofController.queryZK, ip=127.0.0.1, args=[zhuhaibp2, , , 10, ], url=http://127.0.0.1:8080/abe/zk/list, result=Result(code=200, message=null, data=BulletProofResponse(bulletProofs=[ProofContent(proof={"A":{"X":"95096929789596368910672636379841799585869959350502369180544516828868217879274","Y":"109709870586537284171742204339147097039305095140295907784062314029560269860021"},"S":{"X":"49317489482792264232616791212795178657887112408331432731826404147605301891876","Y":"64717252614924574424813347692632665540844548822647147439032462908670046743071"},"T1":{"X":"42702678988935220127890414485158530758135038779950095015154511966284431043831","Y":"20858333373877479121798411294808894434683093331259007007745144178934355841024"},"T2":{"X":"93148237634772662309634748255698072075600317282760743428428740931110365208095","Y":"15118912147608870519381754919624879612217647117249597065168143025987889521092"},"Tau":"2565026845797580153426997893731572555214257764675698029855423373135830930008","Th":"75171888680855686742485211649080911150277484869677393770451936696178248658983","Mu":"69609730925829733266423472345401156918768986131506196702922420158872059327526","IPP":{"L":[{"X":"107170725027688024535347756229232708495582524417017678340617727875719040021057","Y":"71973949907217497008832601186175928349600005257999856684051915341116420176747"},{"X":"34366708857445841065782880672287644076351340732822471585366859454654860250655","Y":"89674533318556322628062308841297620721289747251568886133778300469213263570812"},{"X":"64135009372205485316820475854267425651243885309880273424048382003920582923752","Y":"53429738212419498196295026508867961218947745903925986881903321340142278997273"},{"X":"110461562283032754694437179658022274024596777904226881950116125300118833955843","Y":"95496462429099259929828633246664044174139453825205954610949121505853633452064"},{"X":"45792312762732806280347865048504175331086987782907292342864422260859890902774","Y":"29028636200511321900013350122056970499587071070879288214111373405897131917948"},{"X":"23858287063505619062678822506968189832836106787645327856517164702138856679650","Y":"75111858953938029383162318091732566404206163516353845278747818249107927037890"}],"R":[{"X":"102975567535737200600234273846626014664769370208747364594356112135169616143818","Y":"91604424569996292599278901612316318827713293743001132241555904940035339422914"},{"X":"69974571478655554976118644351352967103446760111213488721709252942527079497129","Y":"41700305380178616072494674762750877176674933833789074402048791199661467824353"},{"X":"49778062743521774825201025900290256410156784595939640778304102531246471400879","Y":"46789915067195964352132069542922822257153682352567074814516261593942581681293"},{"X":"12990013244414530856652815569452822541299755780462272645097409440447455021395","Y":"108703107602045962949110055883892586525309664169701649069881658745379086440183"},{"X":"77569543382947899001667941258010067889997274546696781235584248164594875748927","Y":"78908717102547203649784649621055715054676001373032471092941033415963257624153"},{"X":"63890034547684340490508622535982616990155828377897785184610248860376173371734","Y":"36403869733302110542589102077368204830325582322250579355388688113758819718854"}],"A":"79223489576282210974237682304482207778348699736950995248175893057408629983962","B":"40734480993123010656353531464782466279168955583910693025340287969882006468231","Challenges":["112478692411554954411641237322074073234244772803441675401058163857046324093625","39026627085523755953131328616544013181782349755384767515018235720356490517593","89038933742499632103378138889911674589215111081299234374450639687163190322489","20119521059489462317261651961760076628281976501645351296992575529466015757808","56904713841327345528141947940833324125523748024895283775691371287945472444529","68354330791195189333908482332677473022278603778424192937469656195449070621939","61989594873051194199775745653079590618418718171684801371553842583197689694830"]},"Cy":"28811684225447183920605910688346595733295319444074074483133927921081361963810","Cz":"65713922087046175100604645739806229987955016997536646115873437355228203845927","Cx":"23029474357474543317227715752816871830926436421027063691718119531232309255537"}, tags=[上海, 医疗, 门诊], uid=zhuhaibp2, pid=1, range=4, commit1={"Comm":{"X":"19095071005051919501492601300374843797855823543318584730290855511636734406513","Y":"24009722881084669536128790492977581092769376373364532086712485246647081552659"}}, commit2={"Comm":{"X":"90980320278316375363749383040224373998780495864279634199209042910121753903500","Y":"53308858748420475121179437036554617133390987885927062828739118436414453030339"}}, timeStamp=1681622573)], bookmark=g1AAAABceJzLYWBgYMpgSmHgKy5JLCrJTq2MT8lPzkzJBYqLJZXm5KSWBBTl56cVV2WUZiRmJhUYGYJUc8BU41GXBQAwfh5f, pageSize=10, count=1)), startTime=1681732636005, endTime=1681732636145, spendTime=140, httpMethod=GET, user=null) 
2023-04-17 19:57:32,115 INFO (ControllerOperatorAspect.java:34)- Entering controller=ControllerLog(classMethod=com.weiyan.atp.app.controller.BulletProofController.verifyZK, ip=127.0.0.1, args=[VerifyBulletProofRequest(pid=1, range=4, userName=zhuhaibp2, commit1={"Comm":{"X":"19095071005051919501492601300374843797855823543318584730290855511636734406513","Y":"24009722881084669536128790492977581092769376373364532086712485246647081552659"}}, commit2={"Comm":{"X":"90980320278316375363749383040224373998780495864279634199209042910121753903500","Y":"53308858748420475121179437036554617133390987885927062828739118436414453030339"}}, proof={"A":{"X":"95096929789596368910672636379841799585869959350502369180544516828868217879274","Y":"109709870586537284171742204339147097039305095140295907784062314029560269860021"},"S":{"X":"49317489482792264232616791212795178657887112408331432731826404147605301891876","Y":"64717252614924574424813347692632665540844548822647147439032462908670046743071"},"T1":{"X":"42702678988935220127890414485158530758135038779950095015154511966284431043831","Y":"20858333373877479121798411294808894434683093331259007007745144178934355841024"},"T2":{"X":"93148237634772662309634748255698072075600317282760743428428740931110365208095","Y":"15118912147608870519381754919624879612217647117249597065168143025987889521092"},"Tau":"2565026845797580153426997893731572555214257764675698029855423373135830930008","Th":"75171888680855686742485211649080911150277484869677393770451936696178248658983","Mu":"69609730925829733266423472345401156918768986131506196702922420158872059327526","IPP":{"L":[{"X":"107170725027688024535347756229232708495582524417017678340617727875719040021057","Y":"71973949907217497008832601186175928349600005257999856684051915341116420176747"},{"X":"34366708857445841065782880672287644076351340732822471585366859454654860250655","Y":"89674533318556322628062308841297620721289747251568886133778300469213263570812"},{"X":"64135009372205485316820475854267425651243885309880273424048382003920582923752","Y":"53429738212419498196295026508867961218947745903925986881903321340142278997273"},{"X":"110461562283032754694437179658022274024596777904226881950116125300118833955843","Y":"95496462429099259929828633246664044174139453825205954610949121505853633452064"},{"X":"45792312762732806280347865048504175331086987782907292342864422260859890902774","Y":"29028636200511321900013350122056970499587071070879288214111373405897131917948"},{"X":"23858287063505619062678822506968189832836106787645327856517164702138856679650","Y":"75111858953938029383162318091732566404206163516353845278747818249107927037890"}],"R":[{"X":"102975567535737200600234273846626014664769370208747364594356112135169616143818","Y":"91604424569996292599278901612316318827713293743001132241555904940035339422914"},{"X":"69974571478655554976118644351352967103446760111213488721709252942527079497129","Y":"41700305380178616072494674762750877176674933833789074402048791199661467824353"},{"X":"49778062743521774825201025900290256410156784595939640778304102531246471400879","Y":"46789915067195964352132069542922822257153682352567074814516261593942581681293"},{"X":"12990013244414530856652815569452822541299755780462272645097409440447455021395","Y":"108703107602045962949110055883892586525309664169701649069881658745379086440183"},{"X":"77569543382947899001667941258010067889997274546696781235584248164594875748927","Y":"78908717102547203649784649621055715054676001373032471092941033415963257624153"},{"X":"63890034547684340490508622535982616990155828377897785184610248860376173371734","Y":"36403869733302110542589102077368204830325582322250579355388688113758819718854"}],"A":"79223489576282210974237682304482207778348699736950995248175893057408629983962","B":"40734480993123010656353531464782466279168955583910693025340287969882006468231","Challenges":["112478692411554954411641237322074073234244772803441675401058163857046324093625","39026627085523755953131328616544013181782349755384767515018235720356490517593","89038933742499632103378138889911674589215111081299234374450639687163190322489","20119521059489462317261651961760076628281976501645351296992575529466015757808","56904713841327345528141947940833324125523748024895283775691371287945472444529","68354330791195189333908482332677473022278603778424192937469656195449070621939","61989594873051194199775745653079590618418718171684801371553842583197689694830"]},"Cy":"28811684225447183920605910688346595733295319444074074483133927921081361963810","Cz":"65713922087046175100604645739806229987955016997536646115873437355228203845927","Cx":"23029474357474543317227715752816871830926436421027063691718119531232309255537"})], url=http://127.0.0.1:8080/abe/zk/verify, result=null, startTime=1681732652115, endTime=0, spendTime=0, httpMethod=POST, user=null) 
2023-04-17 20:05:44,307 INFO (ControllerOperatorAspect.java:34)- Entering controller=ControllerLog(classMethod=com.weiyan.atp.app.controller.BulletProofController.verifyZK, ip=127.0.0.1, args=[VerifyBulletProofRequest(pid=1, range=4, userName=zhuhaibp2, commit1={"Comm":{"X":"19095071005051919501492601300374843797855823543318584730290855511636734406513","Y":"24009722881084669536128790492977581092769376373364532086712485246647081552659"}}, commit2={"Comm":{"X":"90980320278316375363749383040224373998780495864279634199209042910121753903500","Y":"53308858748420475121179437036554617133390987885927062828739118436414453030339"}}, proof={"A":{"X":"95096929789596368910672636379841799585869959350502369180544516828868217879274","Y":"109709870586537284171742204339147097039305095140295907784062314029560269860021"},"S":{"X":"49317489482792264232616791212795178657887112408331432731826404147605301891876","Y":"64717252614924574424813347692632665540844548822647147439032462908670046743071"},"T1":{"X":"42702678988935220127890414485158530758135038779950095015154511966284431043831","Y":"20858333373877479121798411294808894434683093331259007007745144178934355841024"},"T2":{"X":"93148237634772662309634748255698072075600317282760743428428740931110365208095","Y":"15118912147608870519381754919624879612217647117249597065168143025987889521092"},"Tau":"2565026845797580153426997893731572555214257764675698029855423373135830930008","Th":"75171888680855686742485211649080911150277484869677393770451936696178248658983","Mu":"69609730925829733266423472345401156918768986131506196702922420158872059327526","IPP":{"L":[{"X":"107170725027688024535347756229232708495582524417017678340617727875719040021057","Y":"71973949907217497008832601186175928349600005257999856684051915341116420176747"},{"X":"34366708857445841065782880672287644076351340732822471585366859454654860250655","Y":"89674533318556322628062308841297620721289747251568886133778300469213263570812"},{"X":"64135009372205485316820475854267425651243885309880273424048382003920582923752","Y":"53429738212419498196295026508867961218947745903925986881903321340142278997273"},{"X":"110461562283032754694437179658022274024596777904226881950116125300118833955843","Y":"95496462429099259929828633246664044174139453825205954610949121505853633452064"},{"X":"45792312762732806280347865048504175331086987782907292342864422260859890902774","Y":"29028636200511321900013350122056970499587071070879288214111373405897131917948"},{"X":"23858287063505619062678822506968189832836106787645327856517164702138856679650","Y":"75111858953938029383162318091732566404206163516353845278747818249107927037890"}],"R":[{"X":"102975567535737200600234273846626014664769370208747364594356112135169616143818","Y":"91604424569996292599278901612316318827713293743001132241555904940035339422914"},{"X":"69974571478655554976118644351352967103446760111213488721709252942527079497129","Y":"41700305380178616072494674762750877176674933833789074402048791199661467824353"},{"X":"49778062743521774825201025900290256410156784595939640778304102531246471400879","Y":"46789915067195964352132069542922822257153682352567074814516261593942581681293"},{"X":"12990013244414530856652815569452822541299755780462272645097409440447455021395","Y":"108703107602045962949110055883892586525309664169701649069881658745379086440183"},{"X":"77569543382947899001667941258010067889997274546696781235584248164594875748927","Y":"78908717102547203649784649621055715054676001373032471092941033415963257624153"},{"X":"63890034547684340490508622535982616990155828377897785184610248860376173371734","Y":"36403869733302110542589102077368204830325582322250579355388688113758819718854"}],"A":"79223489576282210974237682304482207778348699736950995248175893057408629983962","B":"40734480993123010656353531464782466279168955583910693025340287969882006468231","Challenges":["112478692411554954411641237322074073234244772803441675401058163857046324093625","39026627085523755953131328616544013181782349755384767515018235720356490517593","89038933742499632103378138889911674589215111081299234374450639687163190322489","20119521059489462317261651961760076628281976501645351296992575529466015757808","56904713841327345528141947940833324125523748024895283775691371287945472444529","68354330791195189333908482332677473022278603778424192937469656195449070621939","61989594873051194199775745653079590618418718171684801371553842583197689694830"]},"Cy":"28811684225447183920605910688346595733295319444074074483133927921081361963810","Cz":"65713922087046175100604645739806229987955016997536646115873437355228203845927","Cx":"23029474357474543317227715752816871830926436421027063691718119531232309255537"})], url=http://127.0.0.1:8080/abe/zk/verify, result=null, startTime=1681733144307, endTime=0, spendTime=0, httpMethod=POST, user=null) 
2023-04-17 20:05:49,656 INFO (ControllerOperatorAspect.java:45)- Returning from controller=ControllerLog(classMethod=com.weiyan.atp.app.controller.BulletProofController.verifyZK, ip=127.0.0.1, args=[VerifyBulletProofRequest(pid=1, range=4, userName=zhuhaibp2, commit1={"Comm":{"X":"19095071005051919501492601300374843797855823543318584730290855511636734406513","Y":"24009722881084669536128790492977581092769376373364532086712485246647081552659"}}, commit2={"Comm":{"X":"90980320278316375363749383040224373998780495864279634199209042910121753903500","Y":"53308858748420475121179437036554617133390987885927062828739118436414453030339"}}, proof={"A":{"X":"95096929789596368910672636379841799585869959350502369180544516828868217879274","Y":"109709870586537284171742204339147097039305095140295907784062314029560269860021"},"S":{"X":"49317489482792264232616791212795178657887112408331432731826404147605301891876","Y":"64717252614924574424813347692632665540844548822647147439032462908670046743071"},"T1":{"X":"42702678988935220127890414485158530758135038779950095015154511966284431043831","Y":"20858333373877479121798411294808894434683093331259007007745144178934355841024"},"T2":{"X":"93148237634772662309634748255698072075600317282760743428428740931110365208095","Y":"15118912147608870519381754919624879612217647117249597065168143025987889521092"},"Tau":"2565026845797580153426997893731572555214257764675698029855423373135830930008","Th":"75171888680855686742485211649080911150277484869677393770451936696178248658983","Mu":"69609730925829733266423472345401156918768986131506196702922420158872059327526","IPP":{"L":[{"X":"107170725027688024535347756229232708495582524417017678340617727875719040021057","Y":"71973949907217497008832601186175928349600005257999856684051915341116420176747"},{"X":"34366708857445841065782880672287644076351340732822471585366859454654860250655","Y":"89674533318556322628062308841297620721289747251568886133778300469213263570812"},{"X":"64135009372205485316820475854267425651243885309880273424048382003920582923752","Y":"53429738212419498196295026508867961218947745903925986881903321340142278997273"},{"X":"110461562283032754694437179658022274024596777904226881950116125300118833955843","Y":"95496462429099259929828633246664044174139453825205954610949121505853633452064"},{"X":"45792312762732806280347865048504175331086987782907292342864422260859890902774","Y":"29028636200511321900013350122056970499587071070879288214111373405897131917948"},{"X":"23858287063505619062678822506968189832836106787645327856517164702138856679650","Y":"75111858953938029383162318091732566404206163516353845278747818249107927037890"}],"R":[{"X":"102975567535737200600234273846626014664769370208747364594356112135169616143818","Y":"91604424569996292599278901612316318827713293743001132241555904940035339422914"},{"X":"69974571478655554976118644351352967103446760111213488721709252942527079497129","Y":"41700305380178616072494674762750877176674933833789074402048791199661467824353"},{"X":"49778062743521774825201025900290256410156784595939640778304102531246471400879","Y":"46789915067195964352132069542922822257153682352567074814516261593942581681293"},{"X":"12990013244414530856652815569452822541299755780462272645097409440447455021395","Y":"108703107602045962949110055883892586525309664169701649069881658745379086440183"},{"X":"77569543382947899001667941258010067889997274546696781235584248164594875748927","Y":"78908717102547203649784649621055715054676001373032471092941033415963257624153"},{"X":"63890034547684340490508622535982616990155828377897785184610248860376173371734","Y":"36403869733302110542589102077368204830325582322250579355388688113758819718854"}],"A":"79223489576282210974237682304482207778348699736950995248175893057408629983962","B":"40734480993123010656353531464782466279168955583910693025340287969882006468231","Challenges":["112478692411554954411641237322074073234244772803441675401058163857046324093625","39026627085523755953131328616544013181782349755384767515018235720356490517593","89038933742499632103378138889911674589215111081299234374450639687163190322489","20119521059489462317261651961760076628281976501645351296992575529466015757808","56904713841327345528141947940833324125523748024895283775691371287945472444529","68354330791195189333908482332677473022278603778424192937469656195449070621939","61989594873051194199775745653079590618418718171684801371553842583197689694830"]},"Cy":"28811684225447183920605910688346595733295319444074074483133927921081361963810","Cz":"65713922087046175100604645739806229987955016997536646115873437355228203845927","Cx":"23029474357474543317227715752816871830926436421027063691718119531232309255537"})], url=http://127.0.0.1:8080/abe/zk/verify, result=Result(code=200, message=null, data=Result(code=500, message=json: cannot unmarshal object into Go struct field VerifyRequest.Commit1 of type string, data=null)), startTime=1681733144307, endTime=1681733149656, spendTime=5349, httpMethod=POST, user=null) 
2023-04-17 20:05:49,656 INFO (ControllerOperatorAspect.java:45)- Returning from controller=ControllerLog(classMethod=com.weiyan.atp.app.controller.BulletProofController.verifyZK, ip=127.0.0.1, args=[VerifyBulletProofRequest(pid=1, range=4, userName=zhuhaibp2, commit1={"Comm":{"X":"19095071005051919501492601300374843797855823543318584730290855511636734406513","Y":"24009722881084669536128790492977581092769376373364532086712485246647081552659"}}, commit2={"Comm":{"X":"90980320278316375363749383040224373998780495864279634199209042910121753903500","Y":"53308858748420475121179437036554617133390987885927062828739118436414453030339"}}, proof={"A":{"X":"95096929789596368910672636379841799585869959350502369180544516828868217879274","Y":"109709870586537284171742204339147097039305095140295907784062314029560269860021"},"S":{"X":"49317489482792264232616791212795178657887112408331432731826404147605301891876","Y":"64717252614924574424813347692632665540844548822647147439032462908670046743071"},"T1":{"X":"42702678988935220127890414485158530758135038779950095015154511966284431043831","Y":"20858333373877479121798411294808894434683093331259007007745144178934355841024"},"T2":{"X":"93148237634772662309634748255698072075600317282760743428428740931110365208095","Y":"15118912147608870519381754919624879612217647117249597065168143025987889521092"},"Tau":"2565026845797580153426997893731572555214257764675698029855423373135830930008","Th":"75171888680855686742485211649080911150277484869677393770451936696178248658983","Mu":"69609730925829733266423472345401156918768986131506196702922420158872059327526","IPP":{"L":[{"X":"107170725027688024535347756229232708495582524417017678340617727875719040021057","Y":"71973949907217497008832601186175928349600005257999856684051915341116420176747"},{"X":"34366708857445841065782880672287644076351340732822471585366859454654860250655","Y":"89674533318556322628062308841297620721289747251568886133778300469213263570812"},{"X":"64135009372205485316820475854267425651243885309880273424048382003920582923752","Y":"53429738212419498196295026508867961218947745903925986881903321340142278997273"},{"X":"110461562283032754694437179658022274024596777904226881950116125300118833955843","Y":"95496462429099259929828633246664044174139453825205954610949121505853633452064"},{"X":"45792312762732806280347865048504175331086987782907292342864422260859890902774","Y":"29028636200511321900013350122056970499587071070879288214111373405897131917948"},{"X":"23858287063505619062678822506968189832836106787645327856517164702138856679650","Y":"75111858953938029383162318091732566404206163516353845278747818249107927037890"}],"R":[{"X":"102975567535737200600234273846626014664769370208747364594356112135169616143818","Y":"91604424569996292599278901612316318827713293743001132241555904940035339422914"},{"X":"69974571478655554976118644351352967103446760111213488721709252942527079497129","Y":"41700305380178616072494674762750877176674933833789074402048791199661467824353"},{"X":"49778062743521774825201025900290256410156784595939640778304102531246471400879","Y":"46789915067195964352132069542922822257153682352567074814516261593942581681293"},{"X":"12990013244414530856652815569452822541299755780462272645097409440447455021395","Y":"108703107602045962949110055883892586525309664169701649069881658745379086440183"},{"X":"77569543382947899001667941258010067889997274546696781235584248164594875748927","Y":"78908717102547203649784649621055715054676001373032471092941033415963257624153"},{"X":"63890034547684340490508622535982616990155828377897785184610248860376173371734","Y":"36403869733302110542589102077368204830325582322250579355388688113758819718854"}],"A":"79223489576282210974237682304482207778348699736950995248175893057408629983962","B":"40734480993123010656353531464782466279168955583910693025340287969882006468231","Challenges":["112478692411554954411641237322074073234244772803441675401058163857046324093625","39026627085523755953131328616544013181782349755384767515018235720356490517593","89038933742499632103378138889911674589215111081299234374450639687163190322489","20119521059489462317261651961760076628281976501645351296992575529466015757808","56904713841327345528141947940833324125523748024895283775691371287945472444529","68354330791195189333908482332677473022278603778424192937469656195449070621939","61989594873051194199775745653079590618418718171684801371553842583197689694830"]},"Cy":"28811684225447183920605910688346595733295319444074074483133927921081361963810","Cz":"65713922087046175100604645739806229987955016997536646115873437355228203845927","Cx":"23029474357474543317227715752816871830926436421027063691718119531232309255537"})], url=http://127.0.0.1:8080/abe/zk/verify, result=Result(code=200, message=null, data=Result(code=500, message=json: cannot unmarshal object into Go struct field VerifyRequest.Commit1 of type string, data=null)), startTime=1681732652115, endTime=1681733149656, spendTime=497541, httpMethod=POST, user=null) 
